 Welcome to HYDRUS                                                       
 
 Program HYDRUS2
 Date:  22. 7.2019    Time:  20:28:35
 Time independent boundary conditions
 Vertical plane flow, V = L*L
 Units: L = m    , T = days , M = mg   
 

----------------------------------------------------------
 Time       [T] 0.00000000E+00
----------------------------------------------------------
 Sub-region num.                       1
----------------------------------------------------------
 Area    [V]         0.37500E+04  0.37500E+04
 Volume  [V]         0.16125E+04  0.16121E+04
 InFlow  [V/T]       0.00000E+00  0.00000E+00
 hMean   [L]         0.40000E+01        4.000
 ConcVol [VM/L3] 1   0.60469E+06  0.60469E+06
 cMean   [M/L3]  1   0.37500E+03  0.37500E+03
----------------------------------------------------------

----------------------------------------------------------
 Time       [T]        2.0000
----------------------------------------------------------
 Sub-region num.                       1
----------------------------------------------------------
 Area    [V]         0.37500E+04  0.37500E+04
 Volume  [V]         0.16125E+04  0.16121E+04
 InFlow  [V/T]       0.00000E+00  0.00000E+00
 hMean   [L]         0.49949E+01        4.995
 ConcVol [VM/L3] 1   0.17867E+07  0.17867E+07
 cMean   [M/L3]  1   0.11080E+04  0.11080E+04
 WatBalT [V]         0.76294E-05
 WatBalR [%]               0.000
 CncBalT [VM/L3] 1  -0.26623E+05
 CncBalR [%]     1         1.340
----------------------------------------------------------

----------------------------------------------------------
 Time       [T]        4.0000
----------------------------------------------------------
 Sub-region num.                       1
----------------------------------------------------------
 Area    [V]         0.37500E+04  0.37500E+04
 Volume  [V]         0.16125E+04  0.16121E+04
 InFlow  [V/T]       0.00000E+00  0.00000E+00
 hMean   [L]         0.49949E+01        4.995
 ConcVol [VM/L3] 1   0.27367E+07  0.27367E+07
 cMean   [M/L3]  1   0.16972E+04  0.16972E+04
 WatBalT [V]         0.76294E-04
 WatBalR [%]               0.000
 CncBalT [VM/L3] 1  -0.31809E+05
 CncBalR [%]     1         0.914
----------------------------------------------------------

----------------------------------------------------------
 Time       [T]        6.0000
----------------------------------------------------------
 Sub-region num.                       1
----------------------------------------------------------
 Area    [V]         0.37500E+04  0.37500E+04
 Volume  [V]         0.16125E+04  0.16121E+04
 InFlow  [V/T]       0.00000E+00  0.00000E+00
 hMean   [L]         0.49949E+01        4.995
 ConcVol [VM/L3] 1   0.35010E+07  0.35010E+07
 cMean   [M/L3]  1   0.21712E+04  0.21712E+04
 WatBalT [V]         0.12207E-03
 WatBalR [%]               0.000
 CncBalT [VM/L3] 1  -0.36277E+05
 CncBalR [%]     1         0.655
----------------------------------------------------------

----------------------------------------------------------
 Time       [T]        8.0000
----------------------------------------------------------
 Sub-region num.                       1
----------------------------------------------------------
 Area    [V]         0.37500E+04  0.37500E+04
 Volume  [V]         0.16125E+04  0.16121E+04
 InFlow  [V/T]       0.00000E+00  0.00000E+00
 hMean   [L]         0.49949E+01        4.995
 ConcVol [VM/L3] 1   0.41103E+07  0.41103E+07
 cMean   [M/L3]  1   0.25491E+04  0.25491E+04
 WatBalT [V]         0.12207E-03
 WatBalR [%]               0.000
 CncBalT [VM/L3] 1  -0.39952E+05
 CncBalR [%]     1         0.516
----------------------------------------------------------

----------------------------------------------------------
 Time       [T]       10.0000
----------------------------------------------------------
 Sub-region num.                       1
----------------------------------------------------------
 Area    [V]         0.37500E+04  0.37500E+04
 Volume  [V]         0.16125E+04  0.16121E+04
 InFlow  [V/T]       0.00000E+00  0.00000E+00
 hMean   [L]         0.49949E+01        4.995
 ConcVol [VM/L3] 1   0.45937E+07  0.45937E+07
 cMean   [M/L3]  1   0.28488E+04  0.28488E+04
 WatBalT [V]         0.12207E-03
 WatBalR [%]               0.000
 CncBalT [VM/L3] 1  -0.42934E+05
 CncBalR [%]     1         0.426
----------------------------------------------------------

----------------------------------------------------------
 Time       [T]       12.0000
----------------------------------------------------------
 Sub-region num.                       1
----------------------------------------------------------
 Area    [V]         0.37500E+04  0.37500E+04
 Volume  [V]         0.16125E+04  0.16121E+04
 InFlow  [V/T]       0.00000E+00  0.00000E+00
 hMean   [L]         0.49949E+01        4.995
 ConcVol [VM/L3] 1   0.49759E+07  0.49759E+07
 cMean   [M/L3]  1   0.30858E+04  0.30858E+04
 WatBalT [V]         0.12207E-03
 WatBalR [%]               0.000
 CncBalT [VM/L3] 1  -0.45405E+05
 CncBalR [%]     1         0.363
----------------------------------------------------------

----------------------------------------------------------
 Time       [T]       14.0000
----------------------------------------------------------
 Sub-region num.                       1
----------------------------------------------------------
 Area    [V]         0.37500E+04  0.37500E+04
 Volume  [V]         0.16125E+04  0.16121E+04
 InFlow  [V/T]       0.00000E+00  0.00000E+00
 hMean   [L]         0.49949E+01        4.995
 ConcVol [VM/L3] 1   0.52775E+07  0.52775E+07
 cMean   [M/L3]  1   0.32728E+04  0.32728E+04
 WatBalT [V]         0.12207E-03
 WatBalR [%]               0.000
 CncBalT [VM/L3] 1  -0.47362E+05
 CncBalR [%]     1         0.315
----------------------------------------------------------

----------------------------------------------------------
 Time       [T]       16.0000
----------------------------------------------------------
 Sub-region num.                       1
----------------------------------------------------------
 Area    [V]         0.37500E+04  0.37500E+04
 Volume  [V]         0.16125E+04  0.16121E+04
 InFlow  [V/T]       0.00000E+00  0.00000E+00
 hMean   [L]         0.49949E+01        4.995
 ConcVol [VM/L3] 1   0.55152E+07  0.55152E+07
 cMean   [M/L3]  1   0.34204E+04  0.34204E+04
 WatBalT [V]         0.12207E-03
 WatBalR [%]               0.000
 CncBalT [VM/L3] 1  -0.49116E+05
 CncBalR [%]     1         0.279
----------------------------------------------------------

----------------------------------------------------------
 Time       [T]       18.0000
----------------------------------------------------------
 Sub-region num.                       1
----------------------------------------------------------
 Area    [V]         0.37500E+04  0.37500E+04
 Volume  [V]         0.16125E+04  0.16121E+04
 InFlow  [V/T]       0.00000E+00  0.00000E+00
 hMean   [L]         0.49949E+01        4.995
 ConcVol [VM/L3] 1   0.57027E+07  0.57027E+07
 cMean   [M/L3]  1   0.35365E+04  0.35365E+04
 WatBalT [V]         0.12207E-03
 WatBalR [%]               0.000
 CncBalT [VM/L3] 1  -0.50305E+05
 CncBalR [%]     1         0.248
----------------------------------------------------------

----------------------------------------------------------
 Time       [T]       20.0000
----------------------------------------------------------
 Sub-region num.                       1
----------------------------------------------------------
 Area    [V]         0.37500E+04  0.37500E+04
 Volume  [V]         0.16125E+04  0.16121E+04
 InFlow  [V/T]       0.00000E+00  0.00000E+00
 hMean   [L]         0.49949E+01        4.995
 ConcVol [VM/L3] 1   0.58502E+07  0.58502E+07
 cMean   [M/L3]  1   0.36280E+04  0.36280E+04
 WatBalT [V]         0.12207E-03
 WatBalR [%]               0.000
 CncBalT [VM/L3] 1  -0.51472E+05
 CncBalR [%]     1         0.225
----------------------------------------------------------

----------------------------------------------------------
 Time       [T]       22.0000
----------------------------------------------------------
 Sub-region num.                       1
----------------------------------------------------------
 Area    [V]         0.37500E+04  0.37500E+04
 Volume  [V]         0.16125E+04  0.16121E+04
 InFlow  [V/T]       0.00000E+00  0.00000E+00
 hMean   [L]         0.49949E+01        4.995
 ConcVol [VM/L3] 1   0.59665E+07  0.59665E+07
 cMean   [M/L3]  1   0.37001E+04  0.37001E+04
 WatBalT [V]         0.12207E-03
 WatBalR [%]               0.000
 CncBalT [VM/L3] 1  -0.52336E+05
 CncBalR [%]     1         0.204
----------------------------------------------------------

----------------------------------------------------------
 Time       [T]       24.0000
----------------------------------------------------------
 Sub-region num.                       1
----------------------------------------------------------
 Area    [V]         0.37500E+04  0.37500E+04
 Volume  [V]         0.16125E+04  0.16121E+04
 InFlow  [V/T]       0.00000E+00  0.00000E+00
 hMean   [L]         0.49949E+01        4.995
 ConcVol [VM/L3] 1   0.60579E+07  0.60579E+07
 cMean   [M/L3]  1   0.37568E+04  0.37568E+04
 WatBalT [V]         0.12207E-03
 WatBalR [%]               0.000
 CncBalT [VM/L3] 1  -0.53174E+05
 CncBalR [%]     1         0.187
----------------------------------------------------------

----------------------------------------------------------
 Time       [T]       26.0000
----------------------------------------------------------
 Sub-region num.                       1
----------------------------------------------------------
 Area    [V]         0.37500E+04  0.37500E+04
 Volume  [V]         0.16125E+04  0.16121E+04
 InFlow  [V/T]       0.00000E+00  0.00000E+00
 hMean   [L]         0.49949E+01        4.995
 ConcVol [VM/L3] 1   0.61301E+07  0.61301E+07
 cMean   [M/L3]  1   0.38015E+04  0.38015E+04
 WatBalT [V]         0.12207E-03
 WatBalR [%]               0.000
 CncBalT [VM/L3] 1  -0.53661E+05
 CncBalR [%]     1         0.172
----------------------------------------------------------

----------------------------------------------------------
 Time       [T]       28.0000
----------------------------------------------------------
 Sub-region num.                       1
----------------------------------------------------------
 Area    [V]         0.37500E+04  0.37500E+04
 Volume  [V]         0.16125E+04  0.16121E+04
 InFlow  [V/T]       0.00000E+00  0.00000E+00
 hMean   [L]         0.49949E+01        4.995
 ConcVol [VM/L3] 1   0.61866E+07  0.61866E+07
 cMean   [M/L3]  1   0.38367E+04  0.38367E+04
 WatBalT [V]         0.12207E-03
 WatBalR [%]               0.000
 CncBalT [VM/L3] 1  -0.54391E+05
 CncBalR [%]     1         0.161
----------------------------------------------------------

----------------------------------------------------------
 Time       [T]       30.0000
----------------------------------------------------------
 Sub-region num.                       1
----------------------------------------------------------
 Area    [V]         0.37500E+04  0.37500E+04
 Volume  [V]         0.16125E+04  0.16121E+04
 InFlow  [V/T]       0.00000E+00  0.00000E+00
 hMean   [L]         0.49949E+01        4.995
 ConcVol [VM/L3] 1   0.62313E+07  0.62313E+07
 cMean   [M/L3]  1   0.38644E+04  0.38644E+04
 WatBalT [V]         0.12207E-03
 WatBalR [%]               0.000
 CncBalT [VM/L3] 1  -0.54846E+05
 CncBalR [%]     1         0.150
----------------------------------------------------------

----------------------------------------------------------
 Time       [T]       32.0000
----------------------------------------------------------
 Sub-region num.                       1
----------------------------------------------------------
 Area    [V]         0.37500E+04  0.37500E+04
 Volume  [V]         0.16125E+04  0.16121E+04
 InFlow  [V/T]       0.00000E+00  0.00000E+00
 hMean   [L]         0.49949E+01        4.995
 ConcVol [VM/L3] 1   0.62664E+07  0.62664E+07
 cMean   [M/L3]  1   0.38861E+04  0.38861E+04
 WatBalT [V]         0.12207E-03
 WatBalR [%]               0.000
 CncBalT [VM/L3] 1  -0.55267E+05
 CncBalR [%]     1         0.140
----------------------------------------------------------

----------------------------------------------------------
 Time       [T]       34.0000
----------------------------------------------------------
 Sub-region num.                       1
----------------------------------------------------------
 Area    [V]         0.37500E+04  0.37500E+04
 Volume  [V]         0.16125E+04  0.16121E+04
 InFlow  [V/T]       0.00000E+00  0.00000E+00
 hMean   [L]         0.49949E+01        4.995
 ConcVol [VM/L3] 1   0.62940E+07  0.62940E+07
 cMean   [M/L3]  1   0.39033E+04  0.39033E+04
 WatBalT [V]         0.12207E-03
 WatBalR [%]               0.000
 CncBalT [VM/L3] 1  -0.55685E+05
 CncBalR [%]     1         0.132
----------------------------------------------------------

----------------------------------------------------------
 Time       [T]       36.0000
----------------------------------------------------------
 Sub-region num.                       1
----------------------------------------------------------
 Area    [V]         0.37500E+04  0.37500E+04
 Volume  [V]         0.16125E+04  0.16121E+04
 InFlow  [V/T]       0.00000E+00  0.00000E+00
 hMean   [L]         0.49949E+01        4.995
 ConcVol [VM/L3] 1   0.63158E+07  0.63158E+07
 cMean   [M/L3]  1   0.39168E+04  0.39168E+04
 WatBalT [V]         0.12207E-03
 WatBalR [%]               0.000
 CncBalT [VM/L3] 1  -0.56050E+05
 CncBalR [%]     1         0.124
----------------------------------------------------------

----------------------------------------------------------
 Time       [T]       38.0000
----------------------------------------------------------
 Sub-region num.                       1
----------------------------------------------------------
 Area    [V]         0.37500E+04  0.37500E+04
 Volume  [V]         0.16125E+04  0.16121E+04
 InFlow  [V/T]       0.00000E+00  0.00000E+00
 hMean   [L]         0.49949E+01        4.995
 ConcVol [VM/L3] 1   0.63329E+07  0.63329E+07
 cMean   [M/L3]  1   0.39274E+04  0.39274E+04
 WatBalT [V]         0.12207E-03
 WatBalR [%]               0.000
 CncBalT [VM/L3] 1  -0.56446E+05
 CncBalR [%]     1         0.118
----------------------------------------------------------

----------------------------------------------------------
 Time       [T]       40.0000
----------------------------------------------------------
 Sub-region num.                       1
----------------------------------------------------------
 Area    [V]         0.37500E+04  0.37500E+04
 Volume  [V]         0.16125E+04  0.16121E+04
 InFlow  [V/T]       0.00000E+00  0.00000E+00
 hMean   [L]         0.49949E+01        4.995
 ConcVol [VM/L3] 1   0.63466E+07  0.63466E+07
 cMean   [M/L3]  1   0.39357E+04  0.39357E+04
 WatBalT [V]         0.12207E-03
 WatBalR [%]               0.000
 CncBalT [VM/L3] 1  -0.56546E+05
 CncBalR [%]     1         0.112
----------------------------------------------------------

----------------------------------------------------------
 Time       [T]       42.0000
----------------------------------------------------------
 Sub-region num.                       1
----------------------------------------------------------
 Area    [V]         0.37500E+04  0.37500E+04
 Volume  [V]         0.16125E+04  0.16121E+04
 InFlow  [V/T]       0.00000E+00  0.00000E+00
 hMean   [L]         0.49949E+01        4.995
 ConcVol [VM/L3] 1   0.63570E+07  0.63570E+07
 cMean   [M/L3]  1   0.39424E+04  0.39424E+04
 WatBalT [V]         0.12207E-03
 WatBalR [%]               0.000
 CncBalT [VM/L3] 1  -0.56982E+05
 CncBalR [%]     1         0.107
----------------------------------------------------------

----------------------------------------------------------
 Time       [T]       44.0000
----------------------------------------------------------
 Sub-region num.                       1
----------------------------------------------------------
 Area    [V]         0.37500E+04  0.37500E+04
 Volume  [V]         0.16125E+04  0.16121E+04
 InFlow  [V/T]       0.00000E+00  0.00000E+00
 hMean   [L]         0.49949E+01        4.995
 ConcVol [VM/L3] 1   0.63655E+07  0.63655E+07
 cMean   [M/L3]  1   0.39476E+04  0.39476E+04
 WatBalT [V]         0.12207E-03
 WatBalR [%]               0.000
 CncBalT [VM/L3] 1  -0.57174E+05
 CncBalR [%]     1         0.102
----------------------------------------------------------

----------------------------------------------------------
 Time       [T]       46.0000
----------------------------------------------------------
 Sub-region num.                       1
----------------------------------------------------------
 Area    [V]         0.37500E+04  0.37500E+04
 Volume  [V]         0.16125E+04  0.16121E+04
 InFlow  [V/T]       0.00000E+00  0.00000E+00
 hMean   [L]         0.49949E+01        4.995
 ConcVol [VM/L3] 1   0.63721E+07  0.63721E+07
 cMean   [M/L3]  1   0.39517E+04  0.39517E+04
 WatBalT [V]         0.12207E-03
 WatBalR [%]               0.000
 CncBalT [VM/L3] 1  -0.57356E+05
 CncBalR [%]     1         0.097
----------------------------------------------------------

----------------------------------------------------------
 Time       [T]       48.0000
----------------------------------------------------------
 Sub-region num.                       1
----------------------------------------------------------
 Area    [V]         0.37500E+04  0.37500E+04
 Volume  [V]         0.16125E+04  0.16121E+04
 InFlow  [V/T]       0.00000E+00  0.00000E+00
 hMean   [L]         0.49949E+01        4.995
 ConcVol [VM/L3] 1   0.63771E+07  0.63771E+07
 cMean   [M/L3]  1   0.39548E+04  0.39548E+04
 WatBalT [V]         0.12207E-03
 WatBalR [%]               0.000
 CncBalT [VM/L3] 1  -0.57788E+05
 CncBalR [%]     1         0.093
----------------------------------------------------------

----------------------------------------------------------
 Time       [T]       50.0000
----------------------------------------------------------
 Sub-region num.                       1
----------------------------------------------------------
 Area    [V]         0.37500E+04  0.37500E+04
 Volume  [V]         0.16125E+04  0.16121E+04
 InFlow  [V/T]       0.00000E+00  0.00000E+00
 hMean   [L]         0.49949E+01        4.995
 ConcVol [VM/L3] 1   0.63814E+07  0.63814E+07
 cMean   [M/L3]  1   0.39574E+04  0.39574E+04
 WatBalT [V]         0.12207E-03
 WatBalR [%]               0.000
 CncBalT [VM/L3] 1  -0.57835E+05
 CncBalR [%]     1         0.089
----------------------------------------------------------

----------------------------------------------------------
 Time       [T]       52.0000
----------------------------------------------------------
 Sub-region num.                       1
----------------------------------------------------------
 Area    [V]         0.37500E+04  0.37500E+04
 Volume  [V]         0.16125E+04  0.16121E+04
 InFlow  [V/T]       0.00000E+00  0.00000E+00
 hMean   [L]         0.49949E+01        4.995
 ConcVol [VM/L3] 1   0.63844E+07  0.63844E+07
 cMean   [M/L3]  1   0.39594E+04  0.39594E+04
 WatBalT [V]         0.12207E-03
 WatBalR [%]               0.000
 CncBalT [VM/L3] 1  -0.58262E+05
 CncBalR [%]     1         0.086
----------------------------------------------------------

----------------------------------------------------------
 Time       [T]       54.0000
----------------------------------------------------------
 Sub-region num.                       1
----------------------------------------------------------
 Area    [V]         0.37500E+04  0.37500E+04
 Volume  [V]         0.16125E+04  0.16121E+04
 InFlow  [V/T]       0.00000E+00  0.00000E+00
 hMean   [L]         0.49949E+01        4.995
 ConcVol [VM/L3] 1   0.63869E+07  0.63869E+07
 cMean   [M/L3]  1   0.39609E+04  0.39609E+04
 WatBalT [V]         0.12207E-03
 WatBalR [%]               0.000
 CncBalT [VM/L3] 1  -0.58562E+05
 CncBalR [%]     1         0.083
----------------------------------------------------------

----------------------------------------------------------
 Time       [T]       56.0000
----------------------------------------------------------
 Sub-region num.                       1
----------------------------------------------------------
 Area    [V]         0.37500E+04  0.37500E+04
 Volume  [V]         0.16125E+04  0.16121E+04
 InFlow  [V/T]       0.00000E+00  0.00000E+00
 hMean   [L]         0.49949E+01        4.995
 ConcVol [VM/L3] 1   0.63890E+07  0.63890E+07
 cMean   [M/L3]  1   0.39622E+04  0.39622E+04
 WatBalT [V]         0.12207E-03
 WatBalR [%]               0.000
 CncBalT [VM/L3] 1  -0.58656E+05
 CncBalR [%]     1         0.080
----------------------------------------------------------

----------------------------------------------------------
 Time       [T]       58.0000
----------------------------------------------------------
 Sub-region num.                       1
----------------------------------------------------------
 Area    [V]         0.37500E+04  0.37500E+04
 Volume  [V]         0.16125E+04  0.16121E+04
 InFlow  [V/T]       0.00000E+00  0.00000E+00
 hMean   [L]         0.49949E+01        4.995
 ConcVol [VM/L3] 1   0.63907E+07  0.63907E+07
 cMean   [M/L3]  1   0.39631E+04  0.39631E+04
 WatBalT [V]         0.12207E-03
 WatBalR [%]               0.000
 CncBalT [VM/L3] 1  -0.58760E+05
 CncBalR [%]     1         0.077
----------------------------------------------------------

----------------------------------------------------------
 Time       [T]       60.0000
----------------------------------------------------------
 Sub-region num.                       1
----------------------------------------------------------
 Area    [V]         0.37500E+04  0.37500E+04
 Volume  [V]         0.16125E+04  0.16121E+04
 InFlow  [V/T]       0.00000E+00  0.00000E+00
 hMean   [L]         0.49949E+01        4.995
 ConcVol [VM/L3] 1   0.63919E+07  0.63919E+07
 cMean   [M/L3]  1   0.39639E+04  0.39639E+04
 WatBalT [V]         0.12207E-03
 WatBalR [%]               0.000
 CncBalT [VM/L3] 1  -0.59070E+05
 CncBalR [%]     1         0.075
----------------------------------------------------------

----------------------------------------------------------
 Time       [T]       62.0000
----------------------------------------------------------
 Sub-region num.                       1
----------------------------------------------------------
 Area    [V]         0.37500E+04  0.37500E+04
 Volume  [V]         0.16125E+04  0.16121E+04
 InFlow  [V/T]       0.00000E+00  0.00000E+00
 hMean   [L]         0.49949E+01        4.995
 ConcVol [VM/L3] 1   0.63928E+07  0.63928E+07
 cMean   [M/L3]  1   0.39645E+04  0.39645E+04
 WatBalT [V]         0.12207E-03
 WatBalR [%]               0.000
 CncBalT [VM/L3] 1  -0.59396E+05
 CncBalR [%]     1         0.073
----------------------------------------------------------

----------------------------------------------------------
 Time       [T]       64.0000
----------------------------------------------------------
 Sub-region num.                       1
----------------------------------------------------------
 Area    [V]         0.37500E+04  0.37500E+04
 Volume  [V]         0.16125E+04  0.16121E+04
 InFlow  [V/T]       0.00000E+00  0.00000E+00
 hMean   [L]         0.49949E+01        4.995
 ConcVol [VM/L3] 1   0.63935E+07  0.63935E+07
 cMean   [M/L3]  1   0.39650E+04  0.39650E+04
 WatBalT [V]         0.12207E-03
 WatBalR [%]               0.000
 CncBalT [VM/L3] 1  -0.59702E+05
 CncBalR [%]     1         0.071
----------------------------------------------------------

----------------------------------------------------------
 Time       [T]       66.0000
----------------------------------------------------------
 Sub-region num.                       1
----------------------------------------------------------
 Area    [V]         0.37500E+04  0.37500E+04
 Volume  [V]         0.16125E+04  0.16121E+04
 InFlow  [V/T]       0.00000E+00  0.00000E+00
 hMean   [L]         0.49949E+01        4.995
 ConcVol [VM/L3] 1   0.63941E+07  0.63941E+07
 cMean   [M/L3]  1   0.39654E+04  0.39654E+04
 WatBalT [V]         0.12207E-03
 WatBalR [%]               0.000
 CncBalT [VM/L3] 1  -0.59967E+05
 CncBalR [%]     1         0.069
----------------------------------------------------------

----------------------------------------------------------
 Time       [T]       68.0000
----------------------------------------------------------
 Sub-region num.                       1
----------------------------------------------------------
 Area    [V]         0.37500E+04  0.37500E+04
 Volume  [V]         0.16125E+04  0.16121E+04
 InFlow  [V/T]       0.00000E+00  0.00000E+00
 hMean   [L]         0.49949E+01        4.995
 ConcVol [VM/L3] 1   0.63945E+07  0.63945E+07
 cMean   [M/L3]  1   0.39656E+04  0.39656E+04
 WatBalT [V]         0.12207E-03
 WatBalR [%]               0.000
 CncBalT [VM/L3] 1  -0.60230E+05
 CncBalR [%]     1         0.067
----------------------------------------------------------

----------------------------------------------------------
 Time       [T]       70.0000
----------------------------------------------------------
 Sub-region num.                       1
----------------------------------------------------------
 Area    [V]         0.37500E+04  0.37500E+04
 Volume  [V]         0.16125E+04  0.16121E+04
 InFlow  [V/T]       0.00000E+00  0.00000E+00
 hMean   [L]         0.49949E+01        4.995
 ConcVol [VM/L3] 1   0.63949E+07  0.63949E+07
 cMean   [M/L3]  1   0.39659E+04  0.39659E+04
 WatBalT [V]         0.12207E-03
 WatBalR [%]               0.000
 CncBalT [VM/L3] 1  -0.60484E+05
 CncBalR [%]     1         0.065
----------------------------------------------------------

----------------------------------------------------------
 Time       [T]       72.0000
----------------------------------------------------------
 Sub-region num.                       1
----------------------------------------------------------
 Area    [V]         0.37500E+04  0.37500E+04
 Volume  [V]         0.16125E+04  0.16121E+04
 InFlow  [V/T]       0.00000E+00  0.00000E+00
 hMean   [L]         0.49949E+01        4.995
 ConcVol [VM/L3] 1   0.63952E+07  0.63952E+07
 cMean   [M/L3]  1   0.39661E+04  0.39661E+04
 WatBalT [V]         0.12207E-03
 WatBalR [%]               0.000
 CncBalT [VM/L3] 1  -0.60732E+05
 CncBalR [%]     1         0.063
----------------------------------------------------------

----------------------------------------------------------
 Time       [T]       74.0000
----------------------------------------------------------
 Sub-region num.                       1
----------------------------------------------------------
 Area    [V]         0.37500E+04  0.37500E+04
 Volume  [V]         0.16125E+04  0.16121E+04
 InFlow  [V/T]       0.00000E+00  0.00000E+00
 hMean   [L]         0.49949E+01        4.995
 ConcVol [VM/L3] 1   0.63954E+07  0.63954E+07
 cMean   [M/L3]  1   0.39662E+04  0.39662E+04
 WatBalT [V]         0.24414E-03
 WatBalR [%]               0.000
 CncBalT [VM/L3] 1  -0.60956E+05
 CncBalR [%]     1         0.062
----------------------------------------------------------

----------------------------------------------------------
 Time       [T]       76.0000
----------------------------------------------------------
 Sub-region num.                       1
----------------------------------------------------------
 Area    [V]         0.37500E+04  0.37500E+04
 Volume  [V]         0.16125E+04  0.16121E+04
 InFlow  [V/T]       0.00000E+00  0.00000E+00
 hMean   [L]         0.49949E+01        4.995
 ConcVol [VM/L3] 1   0.63956E+07  0.63956E+07
 cMean   [M/L3]  1   0.39663E+04  0.39663E+04
 WatBalT [V]         0.24414E-03
 WatBalR [%]               0.000
 CncBalT [VM/L3] 1  -0.61190E+05
 CncBalR [%]     1         0.060
----------------------------------------------------------

----------------------------------------------------------
 Time       [T]       78.0000
----------------------------------------------------------
 Sub-region num.                       1
----------------------------------------------------------
 Area    [V]         0.37500E+04  0.37500E+04
 Volume  [V]         0.16125E+04  0.16121E+04
 InFlow  [V/T]       0.00000E+00  0.00000E+00
 hMean   [L]         0.49949E+01        4.995
 ConcVol [VM/L3] 1   0.63957E+07  0.63957E+07
 cMean   [M/L3]  1   0.39664E+04  0.39664E+04
 WatBalT [V]         0.24414E-03
 WatBalR [%]               0.000
 CncBalT [VM/L3] 1  -0.61402E+05
 CncBalR [%]     1         0.059
----------------------------------------------------------

----------------------------------------------------------
 Time       [T]       80.0000
----------------------------------------------------------
 Sub-region num.                       1
----------------------------------------------------------
 Area    [V]         0.37500E+04  0.37500E+04
 Volume  [V]         0.16125E+04  0.16121E+04
 InFlow  [V/T]       0.00000E+00  0.00000E+00
 hMean   [L]         0.49949E+01        4.995
 ConcVol [VM/L3] 1   0.63958E+07  0.63958E+07
 cMean   [M/L3]  1   0.39665E+04  0.39665E+04
 WatBalT [V]         0.24414E-03
 WatBalR [%]               0.000
 CncBalT [VM/L3] 1  -0.61634E+05
 CncBalR [%]     1         0.058
----------------------------------------------------------

----------------------------------------------------------
 Time       [T]       82.0000
----------------------------------------------------------
 Sub-region num.                       1
----------------------------------------------------------
 Area    [V]         0.37500E+04  0.37500E+04
 Volume  [V]         0.16125E+04  0.16121E+04
 InFlow  [V/T]       0.00000E+00  0.00000E+00
 hMean   [L]         0.49949E+01        4.995
 ConcVol [VM/L3] 1   0.63959E+07  0.63959E+07
 cMean   [M/L3]  1   0.39665E+04  0.39665E+04
 WatBalT [V]         0.24414E-03
 WatBalR [%]               0.000
 CncBalT [VM/L3] 1  -0.61878E+05
 CncBalR [%]     1         0.056
----------------------------------------------------------

----------------------------------------------------------
 Time       [T]       84.0000
----------------------------------------------------------
 Sub-region num.                       1
----------------------------------------------------------
 Area    [V]         0.37500E+04  0.37500E+04
 Volume  [V]         0.16125E+04  0.16121E+04
 InFlow  [V/T]       0.00000E+00  0.00000E+00
 hMean   [L]         0.49949E+01        4.995
 ConcVol [VM/L3] 1   0.63960E+07  0.63960E+07
 cMean   [M/L3]  1   0.39666E+04  0.39666E+04
 WatBalT [V]         0.24414E-03
 WatBalR [%]               0.000
 CncBalT [VM/L3] 1  -0.62110E+05
 CncBalR [%]     1         0.055
----------------------------------------------------------

----------------------------------------------------------
 Time       [T]       86.0000
----------------------------------------------------------
 Sub-region num.                       1
----------------------------------------------------------
 Area    [V]         0.37500E+04  0.37500E+04
 Volume  [V]         0.16125E+04  0.16121E+04
 InFlow  [V/T]       0.00000E+00  0.00000E+00
 hMean   [L]         0.49949E+01        4.995
 ConcVol [VM/L3] 1   0.63960E+07  0.63960E+07
 cMean   [M/L3]  1   0.39666E+04  0.39666E+04
 WatBalT [V]         0.24414E-03
 WatBalR [%]               0.000
 CncBalT [VM/L3] 1  -0.62316E+05
 CncBalR [%]     1         0.054
----------------------------------------------------------

----------------------------------------------------------
 Time       [T]       88.0000
----------------------------------------------------------
 Sub-region num.                       1
----------------------------------------------------------
 Area    [V]         0.37500E+04  0.37500E+04
 Volume  [V]         0.16125E+04  0.16121E+04
 InFlow  [V/T]       0.00000E+00  0.00000E+00
 hMean   [L]         0.49949E+01        4.995
 ConcVol [VM/L3] 1   0.63961E+07  0.63961E+07
 cMean   [M/L3]  1   0.39667E+04  0.39667E+04
 WatBalT [V]         0.24414E-03
 WatBalR [%]               0.000
 CncBalT [VM/L3] 1  -0.62520E+05
 CncBalR [%]     1         0.053
----------------------------------------------------------

----------------------------------------------------------
 Time       [T]       90.0000
----------------------------------------------------------
 Sub-region num.                       1
----------------------------------------------------------
 Area    [V]         0.37500E+04  0.37500E+04
 Volume  [V]         0.16125E+04  0.16121E+04
 InFlow  [V/T]       0.00000E+00  0.00000E+00
 hMean   [L]         0.49949E+01        4.995
 ConcVol [VM/L3] 1   0.63961E+07  0.63961E+07
 cMean   [M/L3]  1   0.39667E+04  0.39667E+04
 WatBalT [V]         0.24414E-03
 WatBalR [%]               0.000
 CncBalT [VM/L3] 1  -0.62736E+05
 CncBalR [%]     1         0.052
----------------------------------------------------------

----------------------------------------------------------
 Time       [T]       92.0000
----------------------------------------------------------
 Sub-region num.                       1
----------------------------------------------------------
 Area    [V]         0.37500E+04  0.37500E+04
 Volume  [V]         0.16125E+04  0.16121E+04
 InFlow  [V/T]       0.00000E+00  0.00000E+00
 hMean   [L]         0.49949E+01        4.995
 ConcVol [VM/L3] 1   0.63961E+07  0.63961E+07
 cMean   [M/L3]  1   0.39667E+04  0.39667E+04
 WatBalT [V]         0.24414E-03
 WatBalR [%]               0.000
 CncBalT [VM/L3] 1  -0.62954E+05
 CncBalR [%]     1         0.051
----------------------------------------------------------

----------------------------------------------------------
 Time       [T]       94.0000
----------------------------------------------------------
 Sub-region num.                       1
----------------------------------------------------------
 Area    [V]         0.37500E+04  0.37500E+04
 Volume  [V]         0.16125E+04  0.16121E+04
 InFlow  [V/T]       0.00000E+00  0.00000E+00
 hMean   [L]         0.49949E+01        4.995
 ConcVol [VM/L3] 1   0.63962E+07  0.63962E+07
 cMean   [M/L3]  1   0.39667E+04  0.39667E+04
 WatBalT [V]         0.24414E-03
 WatBalR [%]               0.000
 CncBalT [VM/L3] 1  -0.63172E+05
 CncBalR [%]     1         0.050
----------------------------------------------------------

----------------------------------------------------------
 Time       [T]       96.0000
----------------------------------------------------------
 Sub-region num.                       1
----------------------------------------------------------
 Area    [V]         0.37500E+04  0.37500E+04
 Volume  [V]         0.16125E+04  0.16121E+04
 InFlow  [V/T]       0.00000E+00  0.00000E+00
 hMean   [L]         0.49949E+01        4.995
 ConcVol [VM/L3] 1   0.63962E+07  0.63962E+07
 cMean   [M/L3]  1   0.39667E+04  0.39667E+04
 WatBalT [V]         0.24414E-03
 WatBalR [%]               0.000
 CncBalT [VM/L3] 1  -0.63390E+05
 CncBalR [%]     1         0.049
----------------------------------------------------------

----------------------------------------------------------
 Time       [T]       98.0000
----------------------------------------------------------
 Sub-region num.                       1
----------------------------------------------------------
 Area    [V]         0.37500E+04  0.37500E+04
 Volume  [V]         0.16125E+04  0.16121E+04
 InFlow  [V/T]       0.00000E+00  0.00000E+00
 hMean   [L]         0.49949E+01        4.995
 ConcVol [VM/L3] 1   0.63962E+07  0.63962E+07
 cMean   [M/L3]  1   0.39667E+04  0.39667E+04
 WatBalT [V]         0.24414E-03
 WatBalR [%]               0.000
 CncBalT [VM/L3] 1  -0.63616E+05
 CncBalR [%]     1         0.048
----------------------------------------------------------

----------------------------------------------------------
 Time       [T]      100.0000
----------------------------------------------------------
 Sub-region num.                       1
----------------------------------------------------------
 Area    [V]         0.37500E+04  0.37500E+04
 Volume  [V]         0.16125E+04  0.16121E+04
 InFlow  [V/T]       0.00000E+00  0.00000E+00
 hMean   [L]         0.49949E+01        4.995
 ConcVol [VM/L3] 1   0.63962E+07  0.63962E+07
 cMean   [M/L3]  1   0.39667E+04  0.39667E+04
 WatBalT [V]         0.24414E-03
 WatBalR [%]               0.000
 CncBalT [VM/L3] 1  -0.63842E+05
 CncBalR [%]     1         0.047
----------------------------------------------------------
 
 Calculation time [sec]   35.6699999719858     
