 Welcome to HYDRUS                                                       
 
 Program HYDRUS2
 Date:  22. 7.2019    Time:  20:28:35
 Time independent boundary conditions
 Vertical plane flow, V = L*L
 Units: L = m    , T = days , M = mg   
 

 Max. number of iterations           1000
 Absolute water content tolerance [-] 0.10000
 Absolute pressure head tolerance [L] 1.00000



MatNum, Param. array:

   Mat     Qr     Qs        Alfa         n          Ks      l

    1    0.045  0.430   0.145E+02   0.268E+01   0.384E+00  0.500

       Table of Hydraulic Properties which are interpolated in simulation
       =================================================================

  theta         h        log h        C             K        log K          S
 
  0.4300  -0.100E-05 -0.6000E+01  0.6970E-07  0.3840E+00 -0.4157E+00    1.0000
  0.4300  -0.120E-05 -0.5919E+01  0.9528E-07  0.3840E+00 -0.4157E+00    1.0000
  0.4300  -0.145E-05 -0.5838E+01  0.1302E-06  0.3840E+00 -0.4157E+00    1.0000
  0.4300  -0.175E-05 -0.5758E+01  0.1780E-06  0.3840E+00 -0.4157E+00    1.0000
  0.4300  -0.210E-05 -0.5677E+01  0.2434E-06  0.3840E+00 -0.4157E+00    1.0000
  0.4300  -0.254E-05 -0.5596E+01  0.3327E-06  0.3840E+00 -0.4157E+00    1.0000
  0.4300  -0.305E-05 -0.5515E+01  0.4548E-06  0.3840E+00 -0.4157E+00    1.0000
  0.4300  -0.368E-05 -0.5434E+01  0.6216E-06  0.3840E+00 -0.4157E+00    1.0000
  0.4300  -0.443E-05 -0.5354E+01  0.8498E-06  0.3840E+00 -0.4157E+00    1.0000
  0.4300  -0.534E-05 -0.5273E+01  0.1162E-05  0.3840E+00 -0.4157E+00    1.0000
  0.4300  -0.643E-05 -0.5192E+01  0.1588E-05  0.3840E+00 -0.4157E+00    1.0000
  0.4300  -0.774E-05 -0.5111E+01  0.2171E-05  0.3840E+00 -0.4157E+00    1.0000
  0.4300  -0.933E-05 -0.5030E+01  0.2967E-05  0.3840E+00 -0.4157E+00    1.0000
  0.4300  -0.112E-04 -0.4949E+01  0.4056E-05  0.3840E+00 -0.4157E+00    1.0000
  0.4300  -0.135E-04 -0.4869E+01  0.5544E-05  0.3840E+00 -0.4157E+00    1.0000
  0.4300  -0.163E-04 -0.4788E+01  0.7579E-05  0.3840E+00 -0.4157E+00    1.0000
  0.4300  -0.196E-04 -0.4707E+01  0.1036E-04  0.3840E+00 -0.4157E+00    1.0000
  0.4300  -0.236E-04 -0.4626E+01  0.1416E-04  0.3840E+00 -0.4157E+00    1.0000
  0.4300  -0.285E-04 -0.4545E+01  0.1936E-04  0.3840E+00 -0.4157E+00    1.0000
  0.4300  -0.343E-04 -0.4465E+01  0.2646E-04  0.3840E+00 -0.4157E+00    1.0000
  0.4300  -0.413E-04 -0.4384E+01  0.3617E-04  0.3840E+00 -0.4157E+00    1.0000
  0.4300  -0.498E-04 -0.4303E+01  0.4945E-04  0.3840E+00 -0.4157E+00    1.0000
  0.4300  -0.599E-04 -0.4222E+01  0.6759E-04  0.3840E+00 -0.4157E+00    1.0000
  0.4300  -0.722E-04 -0.4141E+01  0.9240E-04  0.3840E+00 -0.4157E+00    1.0000
  0.4300  -0.870E-04 -0.4061E+01  0.1263E-03  0.3840E+00 -0.4157E+00    1.0000
  0.4300  -0.105E-03 -0.3980E+01  0.1727E-03  0.3840E+00 -0.4157E+00    1.0000
  0.4300  -0.126E-03 -0.3899E+01  0.2360E-03  0.3840E+00 -0.4157E+00    1.0000
  0.4300  -0.152E-03 -0.3818E+01  0.3226E-03  0.3840E+00 -0.4157E+00    1.0000
  0.4300  -0.183E-03 -0.3737E+01  0.4410E-03  0.3840E+00 -0.4157E+00    1.0000
  0.4300  -0.221E-03 -0.3657E+01  0.6028E-03  0.3840E+00 -0.4157E+00    1.0000
  0.4300  -0.266E-03 -0.3576E+01  0.8241E-03  0.3839E+00 -0.4157E+00    1.0000
  0.4300  -0.320E-03 -0.3495E+01  0.1126E-02  0.3839E+00 -0.4158E+00    1.0000
  0.4300  -0.385E-03 -0.3414E+01  0.1540E-02  0.3839E+00 -0.4158E+00    1.0000
  0.4300  -0.464E-03 -0.3333E+01  0.2105E-02  0.3838E+00 -0.4159E+00    1.0000
  0.4300  -0.559E-03 -0.3253E+01  0.2877E-02  0.3838E+00 -0.4159E+00    1.0000
  0.4300  -0.673E-03 -0.3172E+01  0.3933E-02  0.3837E+00 -0.4160E+00    1.0000
  0.4300  -0.811E-03 -0.3091E+01  0.5377E-02  0.3836E+00 -0.4162E+00    1.0000
  0.4300  -0.977E-03 -0.3010E+01  0.7350E-02  0.3834E+00 -0.4164E+00    1.0000
  0.4300  -0.118E-02 -0.2929E+01  0.1005E-01  0.3832E+00 -0.4166E+00    1.0000
  0.4300  -0.142E-02 -0.2848E+01  0.1373E-01  0.3829E+00 -0.4169E+00    1.0000
  0.4300  -0.171E-02 -0.2768E+01  0.1877E-01  0.3825E+00 -0.4174E+00    1.0000
  0.4300  -0.206E-02 -0.2687E+01  0.2566E-01  0.3819E+00 -0.4181E+00    0.9999
  0.4300  -0.248E-02 -0.2606E+01  0.3507E-01  0.3811E+00 -0.4189E+00    0.9999
  0.4299  -0.298E-02 -0.2525E+01  0.4794E-01  0.3801E+00 -0.4202E+00    0.9999
  0.4299  -0.359E-02 -0.2444E+01  0.6551E-01  0.3786E+00 -0.4218E+00    0.9998
  0.4299  -0.433E-02 -0.2364E+01  0.8952E-01  0.3766E+00 -0.4241E+00    0.9996
  0.4298  -0.521E-02 -0.2283E+01  0.1223E+00  0.3739E+00 -0.4272E+00    0.9994
  0.4296  -0.628E-02 -0.2202E+01  0.1670E+00  0.3702E+00 -0.4315E+00    0.9990
  0.4294  -0.756E-02 -0.2121E+01  0.2279E+00  0.3652E+00 -0.4375E+00    0.9983
  0.4289  -0.911E-02 -0.2040E+01  0.3106E+00  0.3584E+00 -0.4457E+00    0.9972
  0.4283  -0.110E-01 -0.1960E+01  0.4227E+00  0.3491E+00 -0.4570E+00    0.9955
  0.4271  -0.132E-01 -0.1879E+01  0.5734E+00  0.3367E+00 -0.4728E+00    0.9926
  0.4253  -0.159E-01 -0.1798E+01  0.7742E+00  0.3201E+00 -0.4947E+00    0.9879
  0.4224  -0.192E-01 -0.1717E+01  0.1037E+01  0.2983E+00 -0.5253E+00    0.9802
  0.4177  -0.231E-01 -0.1636E+01  0.1372E+01  0.2703E+00 -0.5681E+00    0.9680
  0.4102  -0.278E-01 -0.1556E+01  0.1780E+01  0.2355E+00 -0.6280E+00    0.9486
  0.3987  -0.335E-01 -0.1475E+01  0.2240E+01  0.1943E+00 -0.7114E+00    0.9188
  0.3818  -0.404E-01 -0.1394E+01  0.2695E+01  0.1491E+00 -0.8266E+00    0.8747
  0.3579  -0.486E-01 -0.1313E+01  0.3044E+01  0.1040E+00 -0.9829E+00    0.8128
  0.3268  -0.586E-01 -0.1232E+01  0.3170E+01  0.6471E-01 -0.1189E+01    0.7319
  0.2895  -0.705E-01 -0.1152E+01  0.3000E+01  0.3541E-01 -0.1451E+01    0.6352
  0.2492  -0.850E-01 -0.1071E+01  0.2569E+01  0.1703E-01 -0.1769E+01    0.5304
  0.2095  -0.102E+00 -0.9899E+00  0.2005E+01  0.7287E-02 -0.2137E+01    0.4274
  0.1737  -0.123E+00 -0.9091E+00  0.1448E+01  0.2835E-02 -0.2547E+01    0.3343
  0.1434  -0.148E+00 -0.8283E+00  0.9871E+00  0.1027E-02 -0.2988E+01    0.2556
  0.1191  -0.179E+00 -0.7475E+00  0.6456E+00  0.3543E-03 -0.3451E+01    0.1924
  0.1002  -0.215E+00 -0.6667E+00  0.4109E+00  0.1182E-03 -0.3927E+01    0.1433
  0.0858  -0.260E+00 -0.5859E+00  0.2569E+00  0.3861E-04 -0.4413E+01    0.1060
  0.0751  -0.313E+00 -0.5051E+00  0.1589E+00  0.1244E-04 -0.4905E+01    0.0781
  0.0671  -0.376E+00 -0.4242E+00  0.9755E-01  0.3978E-05 -0.5400E+01    0.0574
  0.0612  -0.453E+00 -0.3434E+00  0.5964E-01  0.1265E-05 -0.5898E+01    0.0421
  0.0569  -0.546E+00 -0.2626E+00  0.3637E-01  0.4010E-06 -0.6397E+01    0.0308
  0.0537  -0.658E+00 -0.1818E+00  0.2214E-01  0.1269E-06 -0.6897E+01    0.0226
  0.0514  -0.792E+00 -0.1010E+00  0.1347E-01  0.4011E-07 -0.7397E+01    0.0165
  0.0497  -0.955E+00 -0.2020E-01  0.8188E-02  0.1267E-07 -0.7897E+01    0.0121
  0.0484  -0.115E+01  0.6061E-01  0.4976E-02  0.3999E-08 -0.8398E+01    0.0088
  0.0475  -0.138E+01  0.1414E+00  0.3023E-02  0.1262E-08 -0.8899E+01    0.0065
  0.0468  -0.167E+01  0.2222E+00  0.1836E-02  0.3983E-09 -0.9400E+01    0.0047
  0.0463  -0.201E+01  0.3030E+00  0.1115E-02  0.1257E-09 -0.9901E+01    0.0035
  0.0460  -0.242E+01  0.3838E+00  0.6775E-03  0.3966E-10 -0.1040E+02    0.0025
  0.0457  -0.292E+01  0.4646E+00  0.4115E-03  0.1251E-10 -0.1090E+02    0.0019
  0.0455  -0.351E+01  0.5455E+00  0.2499E-03  0.3948E-11 -0.1140E+02    0.0014
  0.0454  -0.423E+01  0.6263E+00  0.1518E-03  0.1246E-11 -0.1190E+02    0.0010
  0.0453  -0.509E+01  0.7071E+00  0.9220E-04  0.3930E-12 -0.1241E+02    0.0007
  0.0452  -0.614E+01  0.7879E+00  0.5600E-04  0.1240E-12 -0.1291E+02    0.0005
  0.0451  -0.739E+01  0.8687E+00  0.3401E-04  0.3911E-13 -0.1341E+02    0.0004
  0.0451  -0.890E+01  0.9495E+00  0.2065E-04  0.1234E-13 -0.1391E+02    0.0003
  0.0451  -0.107E+02  0.1030E+01  0.1254E-04  0.3893E-14 -0.1441E+02    0.0002
  0.0451  -0.129E+02  0.1111E+01  0.7619E-05  0.1228E-14 -0.1491E+02    0.0002
  0.0450  -0.156E+02  0.1192E+01  0.4627E-05  0.3875E-15 -0.1541E+02    0.0001
  0.0450  -0.187E+02  0.1273E+01  0.2810E-05  0.1223E-15 -0.1591E+02    0.0001
  0.0450  -0.226E+02  0.1354E+01  0.1707E-05  0.3857E-16 -0.1641E+02    0.0001
  0.0450  -0.272E+02  0.1434E+01  0.1037E-05  0.1217E-16 -0.1691E+02    0.0000
  0.0450  -0.327E+02  0.1515E+01  0.6296E-06  0.3839E-17 -0.1742E+02    0.0000
  0.0450  -0.394E+02  0.1596E+01  0.3824E-06  0.1211E-17 -0.1792E+02    0.0000
  0.0450  -0.475E+02  0.1677E+01  0.2322E-06  0.3822E-18 -0.1842E+02    0.0000
  0.0450  -0.572E+02  0.1758E+01  0.1410E-06  0.1206E-18 -0.1892E+02    0.0000
  0.0450  -0.689E+02  0.1838E+01  0.8566E-07  0.3804E-19 -0.1942E+02    0.0000
  0.0450  -0.830E+02  0.1919E+01  0.5203E-07  0.1200E-19 -0.1992E+02    0.0000
  0.0450  -0.100E+03  0.2000E+01  0.3160E-07  0.3786E-20 -0.2042E+02    0.0000
end

 Solute transport information
 ============================

 Galerkin finite-element method

 Number of species in the chain :   1

 Mat.     Bulk.D.    DispL     DispT    Fraction  ImmobileWC
   1*************    1.0000    0.1000    1.0000    0.0000

    Dif.w.      Dif.g.   -------------------------------------------------- ( 1.solute)
  0.6000E+02  0.0000E+00
 Mat.     KS         Nu         Beta      Henry      SinkL1     SinkS1     SinkG1     SinkL1`    SinkS1`    SinkG1`    SinkL0     SinkS0     SinkG0      Alfa
   1 0.0000E+00 0.0000E+00 0.1000E+01 0.0000E+00 0.1000E+00 0.0000E+00 0.0000E+00 0.0000E+00 0.0000E+00 0.0000E+00 0.0000E+00 0.0000E+00 0.0000E+00 0.0000E+00

 No adsorption or linear adsorp. isotherm for material  1

   Conc1     Conc2     Conc3     Conc4     cSink     cWell     Conc7     gAtm          d
 0.250E+05 0.000E+00 0.000E+00 0.000E+00 0.000E+00 0.000E+00 0.000E+00 0.000E+00    0.0000

 tPulse =           100.000
