

   TLevel      Time           dt      IterW IterC  ItCum    Peclet   Courant   PeCrMax

      1  0.10000000E+01  0.100000E+01    3    1        3     0.008     1.934     0.015
      2  0.15000000E+01  0.500000E+00    2    1        5     0.008     0.967     0.007
      3  0.17500000E+01  0.250000E+00    2    1        7     0.008     0.483     0.004
      4  0.18750000E+01  0.125000E+00    2    1        9     0.008     0.242     0.002
      5  0.19375000E+01  0.625000E-01    2    1       11     0.008     0.121     0.001
      6  0.20000000E+01  0.625000E-01    2    1       13     0.008     0.121     0.001
      7  0.21034354E+01  0.103435E+00    2    1       15     0.008     0.200     0.002
      8  0.22068709E+01  0.103435E+00    2    1       17     0.008     0.200     0.002
      9  0.23103063E+01  0.103435E+00    2    1       19     0.008     0.200     0.002
     10  0.24137418E+01  0.103435E+00    2    1       21     0.008     0.200     0.002
     11  0.25171772E+01  0.103435E+00    2    1       23     0.008     0.200     0.002
     12  0.26206127E+01  0.103435E+00    2    1       25     0.008     0.200     0.002
     13  0.27240481E+01  0.103435E+00    2    1       27     0.008     0.200     0.002
     14  0.28274836E+01  0.103435E+00    2    1       29     0.008     0.200     0.002
     15  0.29309190E+01  0.103435E+00    2    1       31     0.008     0.200     0.002
     16  0.30343545E+01  0.103435E+00    2    1       33     0.008     0.200     0.002
     17  0.31377899E+01  0.103435E+00    2    1       35     0.008     0.200     0.002
     18  0.32412253E+01  0.103435E+00    2    1       37     0.008     0.200     0.002
     19  0.33446606E+01  0.103435E+00    2    1       39     0.008     0.200     0.002
     20  0.34480960E+01  0.103435E+00    2    1       41     0.008     0.200     0.002
     21  0.35515314E+01  0.103435E+00    2    1       43     0.008     0.200     0.002
     22  0.36549668E+01  0.103435E+00    2    1       45     0.008     0.200     0.002
     23  0.37584022E+01  0.103435E+00    2    1       47     0.008     0.200     0.002
     24  0.38618376E+01  0.103435E+00    2    1       49     0.008     0.200     0.002
     25  0.39309188E+01  0.690812E-01    2    1       51     0.008     0.134     0.001
     26  0.40000000E+01  0.690812E-01    2    1       53     0.008     0.134     0.001
     27  0.41034354E+01  0.103435E+00    2    1       55     0.008     0.200     0.002
     28  0.42068708E+01  0.103435E+00    2    1       57     0.008     0.200     0.002
     29  0.43103062E+01  0.103435E+00    2    1       59     0.008     0.200     0.002
     30  0.44137416E+01  0.103435E+00    2    1       61     0.008     0.200     0.002
     31  0.45171769E+01  0.103435E+00    2    1       63     0.008     0.200     0.002
     32  0.46206123E+01  0.103435E+00    2    1       65     0.008     0.200     0.002
     33  0.47240477E+01  0.103435E+00    2    1       67     0.008     0.200     0.002
     34  0.48274831E+01  0.103435E+00    2    1       69     0.008     0.200     0.002
     35  0.49309185E+01  0.103435E+00    2    1       71     0.008     0.200     0.002
     36  0.50343539E+01  0.103435E+00    2    1       73     0.008     0.200     0.002
     37  0.51377893E+01  0.103435E+00    2    1       75     0.008     0.200     0.002
     38  0.52412247E+01  0.103435E+00    2    1       77     0.008     0.200     0.002
     39  0.53446601E+01  0.103435E+00    2    1       79     0.008     0.200     0.002
     40  0.54480955E+01  0.103435E+00    2    1       81     0.008     0.200     0.002
     41  0.55515308E+01  0.103435E+00    2    1       83     0.008     0.200     0.002
     42  0.56549662E+01  0.103435E+00    2    1       85     0.008     0.200     0.002
     43  0.57584016E+01  0.103435E+00    2    1       87     0.008     0.200     0.002
     44  0.58618369E+01  0.103435E+00    2    1       89     0.008     0.200     0.002
     45  0.59309185E+01  0.690815E-01    2    1       91     0.008     0.134     0.001
     46  0.60000000E+01  0.690815E-01    2    1       93     0.008     0.134     0.001
     47  0.61034354E+01  0.103435E+00    2    1       95     0.008     0.200     0.002
     48  0.62068707E+01  0.103435E+00    2    1       97     0.008     0.200     0.002
     49  0.63103061E+01  0.103435E+00    2    1       99     0.008     0.200     0.002
     50  0.64137414E+01  0.103435E+00    2    1      101     0.008     0.200     0.002
     51  0.65171768E+01  0.103435E+00    2    1      103     0.008     0.200     0.002
     52  0.66206121E+01  0.103435E+00    2    1      105     0.008     0.200     0.002
     53  0.67240474E+01  0.103435E+00    2    1      107     0.008     0.200     0.002
     54  0.68274828E+01  0.103435E+00    2    1      109     0.008     0.200     0.002
     55  0.69309181E+01  0.103435E+00    2    1      111     0.008     0.200     0.002
     56  0.70343534E+01  0.103435E+00    2    1      113     0.008     0.200     0.002
     57  0.71377888E+01  0.103435E+00    2    1      115     0.008     0.200     0.002
     58  0.72412241E+01  0.103435E+00    2    1      117     0.008     0.200     0.002
     59  0.73446594E+01  0.103435E+00    2    1      119     0.008     0.200     0.002
     60  0.74480948E+01  0.103435E+00    2    1      121     0.008     0.200     0.002
     61  0.75515301E+01  0.103435E+00    2    1      123     0.008     0.200     0.002
     62  0.76549654E+01  0.103435E+00    2    1      125     0.008     0.200     0.002
     63  0.77584007E+01  0.103435E+00    2    1      127     0.008     0.200     0.002
     64  0.78618361E+01  0.103435E+00    2    1      129     0.008     0.200     0.002
     65  0.79309180E+01  0.690820E-01    2    1      131     0.008     0.134     0.001
     66  0.80000000E+01  0.690820E-01    2    1      133     0.008     0.134     0.001
     67  0.81034353E+01  0.103435E+00    2    1      135     0.008     0.200     0.002
     68  0.82068707E+01  0.103435E+00    2    1      137     0.008     0.200     0.002
     69  0.83103060E+01  0.103435E+00    2    1      139     0.008     0.200     0.002
     70  0.84137413E+01  0.103435E+00    2    1      141     0.008     0.200     0.002
     71  0.85171767E+01  0.103435E+00    2    1      143     0.008     0.200     0.002
     72  0.86206120E+01  0.103435E+00    2    1      145     0.008     0.200     0.002
     73  0.87240473E+01  0.103435E+00    2    1      147     0.008     0.200     0.002
     74  0.88274826E+01  0.103435E+00    2    1      149     0.008     0.200     0.002
     75  0.89309180E+01  0.103435E+00    2    1      151     0.008     0.200     0.002
     76  0.90343533E+01  0.103435E+00    2    1      153     0.008     0.200     0.002
     77  0.91377886E+01  0.103435E+00    2    1      155     0.008     0.200     0.002
     78  0.92412240E+01  0.103435E+00    2    1      157     0.008     0.200     0.002
     79  0.93446593E+01  0.103435E+00    2    1      159     0.008     0.200     0.002
     80  0.94480946E+01  0.103435E+00    2    1      161     0.008     0.200     0.002
     81  0.95515300E+01  0.103435E+00    2    1      163     0.008     0.200     0.002
     82  0.96549653E+01  0.103435E+00    2    1      165     0.008     0.200     0.002
     83  0.97584006E+01  0.103435E+00    2    1      167     0.008     0.200     0.002
     84  0.98618359E+01  0.103435E+00    2    1      169     0.008     0.200     0.002
     85  0.99309180E+01  0.690820E-01    2    1      171     0.008     0.134     0.001
     86  0.10000000E+02  0.690820E-01    2    1      173     0.008     0.134     0.001
     87  0.10103435E+02  0.103435E+00    2    1      175     0.008     0.200     0.002
     88  0.10206871E+02  0.103435E+00    2    1      177     0.008     0.200     0.002
     89  0.10310306E+02  0.103435E+00    2    1      179     0.008     0.200     0.002
     90  0.10413741E+02  0.103435E+00    2    1      181     0.008     0.200     0.002
     91  0.10517177E+02  0.103435E+00    2    1      183     0.008     0.200     0.002
     92  0.10620612E+02  0.103435E+00    2    1      185     0.008     0.200     0.002
     93  0.10724047E+02  0.103435E+00    2    1      187     0.008     0.200     0.002
     94  0.10827483E+02  0.103435E+00    2    1      189     0.008     0.200     0.002
     95  0.10930918E+02  0.103435E+00    2    1      191     0.008     0.200     0.002
     96  0.11034353E+02  0.103435E+00    2    1      193     0.008     0.200     0.002
     97  0.11137788E+02  0.103435E+00    2    1      195     0.008     0.200     0.002
     98  0.11241224E+02  0.103435E+00    2    1      197     0.008     0.200     0.002
     99  0.11344659E+02  0.103435E+00    2    1      199     0.008     0.200     0.002
    100  0.11448094E+02  0.103435E+00    2    1      201     0.008     0.200     0.002
    101  0.11551529E+02  0.103435E+00    2    1      203     0.008     0.200     0.002
    102  0.11654965E+02  0.103435E+00    2    1      205     0.008     0.200     0.002
    103  0.11758400E+02  0.103435E+00    2    1      207     0.008     0.200     0.002
    104  0.11861835E+02  0.103435E+00    2    1      209     0.008     0.200     0.002
    105  0.11930918E+02  0.690824E-01    2    1      211     0.008     0.134     0.001
    106  0.12000000E+02  0.690824E-01    2    1      213     0.008     0.134     0.001
    107  0.12103435E+02  0.103435E+00    2    1      215     0.008     0.200     0.002
    108  0.12206870E+02  0.103435E+00    2    1      217     0.008     0.200     0.002
    109  0.12310306E+02  0.103435E+00    2    1      219     0.008     0.200     0.002
    110  0.12413741E+02  0.103435E+00    2    1      221     0.008     0.200     0.002
    111  0.12517176E+02  0.103435E+00    2    1      223     0.008     0.200     0.002
    112  0.12620611E+02  0.103435E+00    2    1      225     0.008     0.200     0.002
    113  0.12724047E+02  0.103435E+00    2    1      227     0.008     0.200     0.002
    114  0.12827482E+02  0.103435E+00    2    1      229     0.008     0.200     0.002
    115  0.12930917E+02  0.103435E+00    2    1      231     0.008     0.200     0.002
    116  0.13034352E+02  0.103435E+00    2    1      233     0.008     0.200     0.002
    117  0.13137788E+02  0.103435E+00    2    1      235     0.008     0.200     0.002
    118  0.13241223E+02  0.103435E+00    2    1      237     0.008     0.200     0.002
    119  0.13344658E+02  0.103435E+00    2    1      239     0.008     0.200     0.002
    120  0.13448093E+02  0.103435E+00    2    1      241     0.008     0.200     0.002
    121  0.13551529E+02  0.103435E+00    2    1      243     0.008     0.200     0.002
    122  0.13654964E+02  0.103435E+00    2    1      245     0.008     0.200     0.002
    123  0.13758399E+02  0.103435E+00    2    1      247     0.008     0.200     0.002
    124  0.13861834E+02  0.103435E+00    2    1      249     0.008     0.200     0.002
    125  0.13930917E+02  0.690828E-01    2    1      251     0.008     0.134     0.001
    126  0.14000000E+02  0.690828E-01    2    1      253     0.008     0.134     0.001
    127  0.14103435E+02  0.103435E+00    2    1      255     0.008     0.200     0.002
    128  0.14206870E+02  0.103435E+00    2    1      257     0.008     0.200     0.002
    129  0.14310306E+02  0.103435E+00    2    1      259     0.008     0.200     0.002
    130  0.14413741E+02  0.103435E+00    2    1      261     0.008     0.200     0.002
    131  0.14517176E+02  0.103435E+00    2    1      263     0.008     0.200     0.002
    132  0.14620611E+02  0.103435E+00    2    1      265     0.008     0.200     0.002
    133  0.14724047E+02  0.103435E+00    2    1      267     0.008     0.200     0.002
    134  0.14827482E+02  0.103435E+00    2    1      269     0.008     0.200     0.002
    135  0.14930917E+02  0.103435E+00    2    1      271     0.008     0.200     0.002
    136  0.15034352E+02  0.103435E+00    2    1      273     0.008     0.200     0.002
    137  0.15137788E+02  0.103435E+00    2    1      275     0.008     0.200     0.002
    138  0.15241223E+02  0.103435E+00    2    1      277     0.008     0.200     0.002
    139  0.15344658E+02  0.103435E+00    2    1      279     0.008     0.200     0.002
    140  0.15448093E+02  0.103435E+00    2    1      281     0.008     0.200     0.002
    141  0.15551529E+02  0.103435E+00    2    1      283     0.008     0.200     0.002
    142  0.15654964E+02  0.103435E+00    2    1      285     0.008     0.200     0.002
    143  0.15758399E+02  0.103435E+00    2    1      287     0.008     0.200     0.002
    144  0.15861834E+02  0.103435E+00    2    1      289     0.008     0.200     0.002
    145  0.15930917E+02  0.690828E-01    2    1      291     0.008     0.134     0.001
    146  0.16000000E+02  0.690828E-01    2    1      293     0.008     0.134     0.001
    147  0.16103435E+02  0.103435E+00    2    1      295     0.008     0.200     0.002
    148  0.16206870E+02  0.103435E+00    2    1      297     0.008     0.200     0.002
    149  0.16310306E+02  0.103435E+00    2    1      299     0.008     0.200     0.002
    150  0.16413741E+02  0.103435E+00    2    1      301     0.008     0.200     0.002
    151  0.16517176E+02  0.103435E+00    2    1      303     0.008     0.200     0.002
    152  0.16620611E+02  0.103435E+00    2    1      305     0.008     0.200     0.002
    153  0.16724047E+02  0.103435E+00    2    1      307     0.008     0.200     0.002
    154  0.16827482E+02  0.103435E+00    2    1      309     0.008     0.200     0.002
    155  0.16930917E+02  0.103435E+00    2    1      311     0.008     0.200     0.002
    156  0.17034352E+02  0.103435E+00    2    1      313     0.008     0.200     0.002
    157  0.17137788E+02  0.103435E+00    2    1      315     0.008     0.200     0.002
    158  0.17241223E+02  0.103435E+00    2    1      317     0.008     0.200     0.002
    159  0.17344658E+02  0.103435E+00    2    1      319     0.008     0.200     0.002
    160  0.17448093E+02  0.103435E+00    2    1      321     0.008     0.200     0.002
    161  0.17551528E+02  0.103435E+00    2    1      323     0.008     0.200     0.002
    162  0.17654963E+02  0.103435E+00    2    1      325     0.008     0.200     0.002
    163  0.17758399E+02  0.103435E+00    2    1      327     0.008     0.200     0.002
    164  0.17861834E+02  0.103435E+00    2    1      329     0.008     0.200     0.002
    165  0.17930917E+02  0.690831E-01    2    1      331     0.008     0.134     0.001
    166  0.18000000E+02  0.690831E-01    2    1      333     0.008     0.134     0.001
    167  0.18103435E+02  0.103435E+00    2    1      335     0.008     0.200     0.002
    168  0.18206870E+02  0.103435E+00    2    1      337     0.008     0.200     0.002
    169  0.18310306E+02  0.103435E+00    2    1      339     0.008     0.200     0.002
    170  0.18413741E+02  0.103435E+00    2    1      341     0.008     0.200     0.002
    171  0.18517176E+02  0.103435E+00    2    1      343     0.008     0.200     0.002
    172  0.18620611E+02  0.103435E+00    2    1      345     0.008     0.200     0.002
    173  0.18724046E+02  0.103435E+00    2    1      347     0.008     0.200     0.002
    174  0.18827482E+02  0.103435E+00    2    1      349     0.008     0.200     0.002
    175  0.18930917E+02  0.103435E+00    2    1      351     0.008     0.200     0.002
    176  0.19034352E+02  0.103435E+00    2    1      353     0.008     0.200     0.002
    177  0.19137787E+02  0.103435E+00    2    1      355     0.008     0.200     0.002
    178  0.19241222E+02  0.103435E+00    2    1      357     0.008     0.200     0.002
    179  0.19344658E+02  0.103435E+00    2    1      359     0.008     0.200     0.002
    180  0.19448093E+02  0.103435E+00    2    1      361     0.008     0.200     0.002
    181  0.19551528E+02  0.103435E+00    2    1      363     0.008     0.200     0.002
    182  0.19654963E+02  0.103435E+00    2    1      365     0.008     0.200     0.002
    183  0.19758398E+02  0.103435E+00    2    1      367     0.008     0.200     0.002
    184  0.19861834E+02  0.103435E+00    2    1      369     0.008     0.200     0.002
    185  0.19930917E+02  0.690832E-01    2    1      371     0.008     0.134     0.001
    186  0.20000000E+02  0.690832E-01    2    1      373     0.008     0.134     0.001
    187  0.20103435E+02  0.103435E+00    2    1      375     0.008     0.200     0.002
    188  0.20206870E+02  0.103435E+00    2    1      377     0.008     0.200     0.002
    189  0.20310306E+02  0.103435E+00    2    1      379     0.008     0.200     0.002
    190  0.20413741E+02  0.103435E+00    2    1      381     0.008     0.200     0.002
    191  0.20517176E+02  0.103435E+00    2    1      383     0.008     0.200     0.002
    192  0.20620611E+02  0.103435E+00    2    1      385     0.008     0.200     0.002
    193  0.20724046E+02  0.103435E+00    2    1      387     0.008     0.200     0.002
    194  0.20827482E+02  0.103435E+00    2    1      389     0.008     0.200     0.002
    195  0.20930917E+02  0.103435E+00    2    1      391     0.008     0.200     0.002
    196  0.21034352E+02  0.103435E+00    2    1      393     0.008     0.200     0.002
    197  0.21137787E+02  0.103435E+00    2    1      395     0.008     0.200     0.002
    198  0.21241222E+02  0.103435E+00    2    1      397     0.008     0.200     0.002
    199  0.21344658E+02  0.103435E+00    2    1      399     0.008     0.200     0.002
    200  0.21448093E+02  0.103435E+00    2    1      401     0.008     0.200     0.002
    201  0.21551528E+02  0.103435E+00    2    1      403     0.008     0.200     0.002
    202  0.21654963E+02  0.103435E+00    2    1      405     0.008     0.200     0.002
    203  0.21758398E+02  0.103435E+00    2    1      407     0.008     0.200     0.002
    204  0.21861834E+02  0.103435E+00    2    1      409     0.008     0.200     0.002
    205  0.21930917E+02  0.690832E-01    2    1      411     0.008     0.134     0.001
    206  0.22000000E+02  0.690832E-01    2    1      413     0.008     0.134     0.001
    207  0.22103435E+02  0.103435E+00    2    1      415     0.008     0.200     0.002
    208  0.22206870E+02  0.103435E+00    2    1      417     0.008     0.200     0.002
    209  0.22310306E+02  0.103435E+00    2    1      419     0.008     0.200     0.002
    210  0.22413741E+02  0.103435E+00    2    1      421     0.008     0.200     0.002
    211  0.22517176E+02  0.103435E+00    2    1      423     0.008     0.200     0.002
    212  0.22620611E+02  0.103435E+00    2    1      425     0.008     0.200     0.002
    213  0.22724046E+02  0.103435E+00    2    1      427     0.008     0.200     0.002
    214  0.22827482E+02  0.103435E+00    2    1      429     0.008     0.200     0.002
    215  0.22930917E+02  0.103435E+00    2    1      431     0.008     0.200     0.002
    216  0.23034352E+02  0.103435E+00    2    1      433     0.008     0.200     0.002
    217  0.23137787E+02  0.103435E+00    2    1      435     0.008     0.200     0.002
    218  0.23241222E+02  0.103435E+00    2    1      437     0.008     0.200     0.002
    219  0.23344658E+02  0.103435E+00    2    1      439     0.008     0.200     0.002
    220  0.23448093E+02  0.103435E+00    2    1      441     0.008     0.200     0.002
    221  0.23551528E+02  0.103435E+00    2    1      443     0.008     0.200     0.002
    222  0.23654963E+02  0.103435E+00    2    1      445     0.008     0.200     0.002
    223  0.23758398E+02  0.103435E+00    2    1      447     0.008     0.200     0.002
    224  0.23861834E+02  0.103435E+00    2    1      449     0.008     0.200     0.002
    225  0.23930917E+02  0.690832E-01    2    1      451     0.008     0.134     0.001
    226  0.24000000E+02  0.690832E-01    2    1      453     0.008     0.134     0.001
    227  0.24103435E+02  0.103435E+00    2    1      455     0.008     0.200     0.002
    228  0.24206870E+02  0.103435E+00    2    1      457     0.008     0.200     0.002
    229  0.24310306E+02  0.103435E+00    2    1      459     0.008     0.200     0.002
    230  0.24413741E+02  0.103435E+00    2    1      461     0.008     0.200     0.002
    231  0.24517176E+02  0.103435E+00    2    1      463     0.008     0.200     0.002
    232  0.24620611E+02  0.103435E+00    2    1      465     0.008     0.200     0.002
    233  0.24724046E+02  0.103435E+00    2    1      467     0.008     0.200     0.002
    234  0.24827482E+02  0.103435E+00    2    1      469     0.008     0.200     0.002
    235  0.24930917E+02  0.103435E+00    2    1      471     0.008     0.200     0.002
    236  0.25034352E+02  0.103435E+00    2    1      473     0.008     0.200     0.002
    237  0.25137787E+02  0.103435E+00    2    1      475     0.008     0.200     0.002
    238  0.25241222E+02  0.103435E+00    2    1      477     0.008     0.200     0.002
    239  0.25344658E+02  0.103435E+00    2    1      479     0.008     0.200     0.002
    240  0.25448093E+02  0.103435E+00    2    1      481     0.008     0.200     0.002
    241  0.25551528E+02  0.103435E+00    2    1      483     0.008     0.200     0.002
    242  0.25654963E+02  0.103435E+00    2    1      485     0.008     0.200     0.002
    243  0.25758398E+02  0.103435E+00    2    1      487     0.008     0.200     0.002
    244  0.25861834E+02  0.103435E+00    2    1      489     0.008     0.200     0.002
    245  0.25930917E+02  0.690832E-01    2    1      491     0.008     0.134     0.001
    246  0.26000000E+02  0.690832E-01    2    1      493     0.008     0.134     0.001
    247  0.26103435E+02  0.103435E+00    2    1      495     0.008     0.200     0.002
    248  0.26206870E+02  0.103435E+00    2    1      497     0.008     0.200     0.002
    249  0.26310306E+02  0.103435E+00    2    1      499     0.008     0.200     0.002
    250  0.26413741E+02  0.103435E+00    2    1      501     0.008     0.200     0.002
    251  0.26517176E+02  0.103435E+00    2    1      503     0.008     0.200     0.002
    252  0.26620611E+02  0.103435E+00    2    1      505     0.008     0.200     0.002
    253  0.26724046E+02  0.103435E+00    2    1      507     0.008     0.200     0.002
    254  0.26827482E+02  0.103435E+00    2    1      509     0.008     0.200     0.002
    255  0.26930917E+02  0.103435E+00    2    1      511     0.008     0.200     0.002
    256  0.27034352E+02  0.103435E+00    2    1      513     0.008     0.200     0.002
    257  0.27137787E+02  0.103435E+00    2    1      515     0.008     0.200     0.002
    258  0.27241222E+02  0.103435E+00    2    1      517     0.008     0.200     0.002
    259  0.27344658E+02  0.103435E+00    2    1      519     0.008     0.200     0.002
    260  0.27448093E+02  0.103435E+00    2    1      521     0.008     0.200     0.002
    261  0.27551528E+02  0.103435E+00    2    1      523     0.008     0.200     0.002
    262  0.27654963E+02  0.103435E+00    2    1      525     0.008     0.200     0.002
    263  0.27758398E+02  0.103435E+00    2    1      527     0.008     0.200     0.002
    264  0.27861834E+02  0.103435E+00    2    1      529     0.008     0.200     0.002
    265  0.27930917E+02  0.690832E-01    2    1      531     0.008     0.134     0.001
    266  0.28000000E+02  0.690832E-01    2    1      533     0.008     0.134     0.001
    267  0.28103435E+02  0.103435E+00    2    1      535     0.008     0.200     0.002
    268  0.28206870E+02  0.103435E+00    2    1      537     0.008     0.200     0.002
    269  0.28310306E+02  0.103435E+00    2    1      539     0.008     0.200     0.002
    270  0.28413741E+02  0.103435E+00    2    1      541     0.008     0.200     0.002
    271  0.28517176E+02  0.103435E+00    2    1      543     0.008     0.200     0.002
    272  0.28620611E+02  0.103435E+00    2    1      545     0.008     0.200     0.002
    273  0.28724046E+02  0.103435E+00    2    1      547     0.008     0.200     0.002
    274  0.28827482E+02  0.103435E+00    2    1      549     0.008     0.200     0.002
    275  0.28930917E+02  0.103435E+00    2    1      551     0.008     0.200     0.002
    276  0.29034352E+02  0.103435E+00    2    1      553     0.008     0.200     0.002
    277  0.29137787E+02  0.103435E+00    2    1      555     0.008     0.200     0.002
    278  0.29241222E+02  0.103435E+00    2    1      557     0.008     0.200     0.002
    279  0.29344658E+02  0.103435E+00    2    1      559     0.008     0.200     0.002
    280  0.29448093E+02  0.103435E+00    2    1      561     0.008     0.200     0.002
    281  0.29551528E+02  0.103435E+00    2    1      563     0.008     0.200     0.002
    282  0.29654963E+02  0.103435E+00    2    1      565     0.008     0.200     0.002
    283  0.29758398E+02  0.103435E+00    2    1      567     0.008     0.200     0.002
    284  0.29861834E+02  0.103435E+00    2    1      569     0.008     0.200     0.002
    285  0.29930917E+02  0.690832E-01    2    1      571     0.008     0.134     0.001
    286  0.30000000E+02  0.690832E-01    2    1      573     0.008     0.134     0.001
    287  0.30103435E+02  0.103435E+00    2    1      575     0.008     0.200     0.002
    288  0.30206870E+02  0.103435E+00    2    1      577     0.008     0.200     0.002
    289  0.30310306E+02  0.103435E+00    2    1      579     0.008     0.200     0.002
    290  0.30413741E+02  0.103435E+00    2    1      581     0.008     0.200     0.002
    291  0.30517176E+02  0.103435E+00    2    1      583     0.008     0.200     0.002
    292  0.30620611E+02  0.103435E+00    2    1      585     0.008     0.200     0.002
    293  0.30724046E+02  0.103435E+00    2    1      587     0.008     0.200     0.002
    294  0.30827482E+02  0.103435E+00    2    1      589     0.008     0.200     0.002
    295  0.30930917E+02  0.103435E+00    2    1      591     0.008     0.200     0.002
    296  0.31034352E+02  0.103435E+00    2    1      593     0.008     0.200     0.002
    297  0.31137787E+02  0.103435E+00    2    1      595     0.008     0.200     0.002
    298  0.31241222E+02  0.103435E+00    2    1      597     0.008     0.200     0.002
    299  0.31344658E+02  0.103435E+00    2    1      599     0.008     0.200     0.002
    300  0.31448093E+02  0.103435E+00    2    1      601     0.008     0.200     0.002
    301  0.31551528E+02  0.103435E+00    2    1      603     0.008     0.200     0.002
    302  0.31654963E+02  0.103435E+00    2    1      605     0.008     0.200     0.002
    303  0.31758398E+02  0.103435E+00    2    1      607     0.008     0.200     0.002
    304  0.31861834E+02  0.103435E+00    2    1      609     0.008     0.200     0.002
    305  0.31930917E+02  0.690832E-01    2    1      611     0.008     0.134     0.001
    306  0.32000000E+02  0.690832E-01    2    1      613     0.008     0.134     0.001
    307  0.32103435E+02  0.103435E+00    2    1      615     0.008     0.200     0.002
    308  0.32206870E+02  0.103435E+00    2    1      617     0.008     0.200     0.002
    309  0.32310306E+02  0.103435E+00    2    1      619     0.008     0.200     0.002
    310  0.32413741E+02  0.103435E+00    2    1      621     0.008     0.200     0.002
    311  0.32517176E+02  0.103435E+00    2    1      623     0.008     0.200     0.002
    312  0.32620611E+02  0.103435E+00    2    1      625     0.008     0.200     0.002
    313  0.32724046E+02  0.103435E+00    2    1      627     0.008     0.200     0.002
    314  0.32827482E+02  0.103435E+00    2    1      629     0.008     0.200     0.002
    315  0.32930917E+02  0.103435E+00    2    1      631     0.008     0.200     0.002
    316  0.33034352E+02  0.103435E+00    2    1      633     0.008     0.200     0.002
    317  0.33137787E+02  0.103435E+00    2    1      635     0.008     0.200     0.002
    318  0.33241222E+02  0.103435E+00    2    1      637     0.008     0.200     0.002
    319  0.33344658E+02  0.103435E+00    2    1      639     0.008     0.200     0.002
    320  0.33448093E+02  0.103435E+00    2    1      641     0.008     0.200     0.002
    321  0.33551528E+02  0.103435E+00    2    1      643     0.008     0.200     0.002
    322  0.33654963E+02  0.103435E+00    2    1      645     0.008     0.200     0.002
    323  0.33758398E+02  0.103435E+00    2    1      647     0.008     0.200     0.002
    324  0.33861834E+02  0.103435E+00    2    1      649     0.008     0.200     0.002
    325  0.33930917E+02  0.690832E-01    2    1      651     0.008     0.134     0.001
    326  0.34000000E+02  0.690832E-01    2    1      653     0.008     0.134     0.001
    327  0.34103435E+02  0.103435E+00    2    1      655     0.008     0.200     0.002
    328  0.34206870E+02  0.103435E+00    2    1      657     0.008     0.200     0.002
    329  0.34310306E+02  0.103435E+00    2    1      659     0.008     0.200     0.002
    330  0.34413741E+02  0.103435E+00    2    1      661     0.008     0.200     0.002
    331  0.34517176E+02  0.103435E+00    2    1      663     0.008     0.200     0.002
    332  0.34620611E+02  0.103435E+00    2    1      665     0.008     0.200     0.002
    333  0.34724046E+02  0.103435E+00    2    1      667     0.008     0.200     0.002
    334  0.34827482E+02  0.103435E+00    2    1      669     0.008     0.200     0.002
    335  0.34930917E+02  0.103435E+00    2    1      671     0.008     0.200     0.002
    336  0.35034352E+02  0.103435E+00    2    1      673     0.008     0.200     0.002
    337  0.35137787E+02  0.103435E+00    2    1      675     0.008     0.200     0.002
    338  0.35241222E+02  0.103435E+00    2    1      677     0.008     0.200     0.002
    339  0.35344658E+02  0.103435E+00    2    1      679     0.008     0.200     0.002
    340  0.35448093E+02  0.103435E+00    2    1      681     0.008     0.200     0.002
    341  0.35551528E+02  0.103435E+00    2    1      683     0.008     0.200     0.002
    342  0.35654963E+02  0.103435E+00    2    1      685     0.008     0.200     0.002
    343  0.35758398E+02  0.103435E+00    2    1      687     0.008     0.200     0.002
    344  0.35861834E+02  0.103435E+00    2    1      689     0.008     0.200     0.002
    345  0.35930917E+02  0.690832E-01    2    1      691     0.008     0.134     0.001
    346  0.36000000E+02  0.690832E-01    2    1      693     0.008     0.134     0.001
    347  0.36103435E+02  0.103435E+00    2    1      695     0.008     0.200     0.002
    348  0.36206870E+02  0.103435E+00    2    1      697     0.008     0.200     0.002
    349  0.36310306E+02  0.103435E+00    2    1      699     0.008     0.200     0.002
    350  0.36413741E+02  0.103435E+00    2    1      701     0.008     0.200     0.002
    351  0.36517176E+02  0.103435E+00    2    1      703     0.008     0.200     0.002
    352  0.36620611E+02  0.103435E+00    2    1      705     0.008     0.200     0.002
    353  0.36724046E+02  0.103435E+00    2    1      707     0.008     0.200     0.002
    354  0.36827482E+02  0.103435E+00    2    1      709     0.008     0.200     0.002
    355  0.36930917E+02  0.103435E+00    2    1      711     0.008     0.200     0.002
    356  0.37034352E+02  0.103435E+00    2    1      713     0.008     0.200     0.002
    357  0.37137787E+02  0.103435E+00    2    1      715     0.008     0.200     0.002
    358  0.37241222E+02  0.103435E+00    2    1      717     0.008     0.200     0.002
    359  0.37344658E+02  0.103435E+00    2    1      719     0.008     0.200     0.002
    360  0.37448093E+02  0.103435E+00    2    1      721     0.008     0.200     0.002
    361  0.37551528E+02  0.103435E+00    2    1      723     0.008     0.200     0.002
    362  0.37654963E+02  0.103435E+00    2    1      725     0.008     0.200     0.002
    363  0.37758398E+02  0.103435E+00    2    1      727     0.008     0.200     0.002
    364  0.37861834E+02  0.103435E+00    2    1      729     0.008     0.200     0.002
    365  0.37930917E+02  0.690832E-01    2    1      731     0.008     0.134     0.001
    366  0.38000000E+02  0.690832E-01    2    1      733     0.008     0.134     0.001
    367  0.38103435E+02  0.103435E+00    2    1      735     0.008     0.200     0.002
    368  0.38206870E+02  0.103435E+00    2    1      737     0.008     0.200     0.002
    369  0.38310306E+02  0.103435E+00    2    1      739     0.008     0.200     0.002
    370  0.38413741E+02  0.103435E+00    2    1      741     0.008     0.200     0.002
    371  0.38517176E+02  0.103435E+00    2    1      743     0.008     0.200     0.002
    372  0.38620611E+02  0.103435E+00    2    1      745     0.008     0.200     0.002
    373  0.38724046E+02  0.103435E+00    2    1      747     0.008     0.200     0.002
    374  0.38827482E+02  0.103435E+00    2    1      749     0.008     0.200     0.002
    375  0.38930917E+02  0.103435E+00    2    1      751     0.008     0.200     0.002
    376  0.39034352E+02  0.103435E+00    2    1      753     0.008     0.200     0.002
    377  0.39137787E+02  0.103435E+00    2    1      755     0.008     0.200     0.002
    378  0.39241222E+02  0.103435E+00    2    1      757     0.008     0.200     0.002
    379  0.39344658E+02  0.103435E+00    2    1      759     0.008     0.200     0.002
    380  0.39448093E+02  0.103435E+00    2    1      761     0.008     0.200     0.002
    381  0.39551528E+02  0.103435E+00    2    1      763     0.008     0.200     0.002
    382  0.39654963E+02  0.103435E+00    2    1      765     0.008     0.200     0.002
    383  0.39758398E+02  0.103435E+00    2    1      767     0.008     0.200     0.002
    384  0.39861834E+02  0.103435E+00    2    1      769     0.008     0.200     0.002
    385  0.39930917E+02  0.690832E-01    2    1      771     0.008     0.134     0.001
    386  0.40000000E+02  0.690832E-01    2    1      773     0.008     0.134     0.001
    387  0.40103435E+02  0.103435E+00    2    1      775     0.008     0.200     0.002
    388  0.40206870E+02  0.103435E+00    2    1      777     0.008     0.200     0.002
    389  0.40310306E+02  0.103435E+00    2    1      779     0.008     0.200     0.002
    390  0.40413741E+02  0.103435E+00    2    1      781     0.008     0.200     0.002
    391  0.40517176E+02  0.103435E+00    2    1      783     0.008     0.200     0.002
    392  0.40620611E+02  0.103435E+00    2    1      785     0.008     0.200     0.002
    393  0.40724046E+02  0.103435E+00    2    1      787     0.008     0.200     0.002
    394  0.40827482E+02  0.103435E+00    2    1      789     0.008     0.200     0.002
    395  0.40930917E+02  0.103435E+00    2    1      791     0.008     0.200     0.002
    396  0.41034352E+02  0.103435E+00    2    1      793     0.008     0.200     0.002
    397  0.41137787E+02  0.103435E+00    2    1      795     0.008     0.200     0.002
    398  0.41241222E+02  0.103435E+00    2    1      797     0.008     0.200     0.002
    399  0.41344658E+02  0.103435E+00    2    1      799     0.008     0.200     0.002
    400  0.41448093E+02  0.103435E+00    2    1      801     0.008     0.200     0.002
    401  0.41551528E+02  0.103435E+00    2    1      803     0.008     0.200     0.002
    402  0.41654963E+02  0.103435E+00    2    1      805     0.008     0.200     0.002
    403  0.41758398E+02  0.103435E+00    2    1      807     0.008     0.200     0.002
    404  0.41861834E+02  0.103435E+00    2    1      809     0.008     0.200     0.002
    405  0.41930917E+02  0.690832E-01    2    1      811     0.008     0.134     0.001
    406  0.42000000E+02  0.690832E-01    2    1      813     0.008     0.134     0.001
    407  0.42103435E+02  0.103435E+00    2    1      815     0.008     0.200     0.002
    408  0.42206870E+02  0.103435E+00    2    1      817     0.008     0.200     0.002
    409  0.42310306E+02  0.103435E+00    2    1      819     0.008     0.200     0.002
    410  0.42413741E+02  0.103435E+00    2    1      821     0.008     0.200     0.002
    411  0.42517176E+02  0.103435E+00    2    1      823     0.008     0.200     0.002
    412  0.42620611E+02  0.103435E+00    2    1      825     0.008     0.200     0.002
    413  0.42724046E+02  0.103435E+00    2    1      827     0.008     0.200     0.002
    414  0.42827482E+02  0.103435E+00    2    1      829     0.008     0.200     0.002
    415  0.42930917E+02  0.103435E+00    2    1      831     0.008     0.200     0.002
    416  0.43034352E+02  0.103435E+00    2    1      833     0.008     0.200     0.002
    417  0.43137787E+02  0.103435E+00    2    1      835     0.008     0.200     0.002
    418  0.43241222E+02  0.103435E+00    2    1      837     0.008     0.200     0.002
    419  0.43344658E+02  0.103435E+00    2    1      839     0.008     0.200     0.002
    420  0.43448093E+02  0.103435E+00    2    1      841     0.008     0.200     0.002
    421  0.43551528E+02  0.103435E+00    2    1      843     0.008     0.200     0.002
    422  0.43654963E+02  0.103435E+00    2    1      845     0.008     0.200     0.002
    423  0.43758398E+02  0.103435E+00    2    1      847     0.008     0.200     0.002
    424  0.43861834E+02  0.103435E+00    2    1      849     0.008     0.200     0.002
    425  0.43930917E+02  0.690832E-01    2    1      851     0.008     0.134     0.001
    426  0.44000000E+02  0.690832E-01    2    1      853     0.008     0.134     0.001
    427  0.44103435E+02  0.103435E+00    2    1      855     0.008     0.200     0.002
    428  0.44206870E+02  0.103435E+00    2    1      857     0.008     0.200     0.002
    429  0.44310306E+02  0.103435E+00    2    1      859     0.008     0.200     0.002
    430  0.44413741E+02  0.103435E+00    2    1      861     0.008     0.200     0.002
    431  0.44517176E+02  0.103435E+00    2    1      863     0.008     0.200     0.002
    432  0.44620611E+02  0.103435E+00    2    1      865     0.008     0.200     0.002
    433  0.44724046E+02  0.103435E+00    2    1      867     0.008     0.200     0.002
    434  0.44827482E+02  0.103435E+00    2    1      869     0.008     0.200     0.002
    435  0.44930917E+02  0.103435E+00    2    1      871     0.008     0.200     0.002
    436  0.45034352E+02  0.103435E+00    2    1      873     0.008     0.200     0.002
    437  0.45137787E+02  0.103435E+00    2    1      875     0.008     0.200     0.002
    438  0.45241222E+02  0.103435E+00    2    1      877     0.008     0.200     0.002
    439  0.45344658E+02  0.103435E+00    2    1      879     0.008     0.200     0.002
    440  0.45448093E+02  0.103435E+00    2    1      881     0.008     0.200     0.002
    441  0.45551528E+02  0.103435E+00    2    1      883     0.008     0.200     0.002
    442  0.45654963E+02  0.103435E+00    2    1      885     0.008     0.200     0.002
    443  0.45758398E+02  0.103435E+00    2    1      887     0.008     0.200     0.002
    444  0.45861834E+02  0.103435E+00    2    1      889     0.008     0.200     0.002
    445  0.45930917E+02  0.690832E-01    2    1      891     0.008     0.134     0.001
    446  0.46000000E+02  0.690832E-01    2    1      893     0.008     0.134     0.001
    447  0.46103435E+02  0.103435E+00    2    1      895     0.008     0.200     0.002
    448  0.46206870E+02  0.103435E+00    2    1      897     0.008     0.200     0.002
    449  0.46310306E+02  0.103435E+00    2    1      899     0.008     0.200     0.002
    450  0.46413741E+02  0.103435E+00    2    1      901     0.008     0.200     0.002
    451  0.46517176E+02  0.103435E+00    2    1      903     0.008     0.200     0.002
    452  0.46620611E+02  0.103435E+00    2    1      905     0.008     0.200     0.002
    453  0.46724046E+02  0.103435E+00    2    1      907     0.008     0.200     0.002
    454  0.46827482E+02  0.103435E+00    2    1      909     0.008     0.200     0.002
    455  0.46930917E+02  0.103435E+00    2    1      911     0.008     0.200     0.002
    456  0.47034352E+02  0.103435E+00    2    1      913     0.008     0.200     0.002
    457  0.47137787E+02  0.103435E+00    2    1      915     0.008     0.200     0.002
    458  0.47241222E+02  0.103435E+00    2    1      917     0.008     0.200     0.002
    459  0.47344658E+02  0.103435E+00    2    1      919     0.008     0.200     0.002
    460  0.47448093E+02  0.103435E+00    2    1      921     0.008     0.200     0.002
    461  0.47551528E+02  0.103435E+00    2    1      923     0.008     0.200     0.002
    462  0.47654963E+02  0.103435E+00    2    1      925     0.008     0.200     0.002
    463  0.47758398E+02  0.103435E+00    2    1      927     0.008     0.200     0.002
    464  0.47861834E+02  0.103435E+00    2    1      929     0.008     0.200     0.002
    465  0.47930917E+02  0.690832E-01    2    1      931     0.008     0.134     0.001
    466  0.48000000E+02  0.690832E-01    2    1      933     0.008     0.134     0.001
    467  0.48103435E+02  0.103435E+00    2    1      935     0.008     0.200     0.002
    468  0.48206870E+02  0.103435E+00    2    1      937     0.008     0.200     0.002
    469  0.48310306E+02  0.103435E+00    2    1      939     0.008     0.200     0.002
    470  0.48413741E+02  0.103435E+00    2    1      941     0.008     0.200     0.002
    471  0.48517176E+02  0.103435E+00    2    1      943     0.008     0.200     0.002
    472  0.48620611E+02  0.103435E+00    2    1      945     0.008     0.200     0.002
    473  0.48724046E+02  0.103435E+00    2    1      947     0.008     0.200     0.002
    474  0.48827482E+02  0.103435E+00    2    1      949     0.008     0.200     0.002
    475  0.48930917E+02  0.103435E+00    2    1      951     0.008     0.200     0.002
    476  0.49034352E+02  0.103435E+00    2    1      953     0.008     0.200     0.002
    477  0.49137787E+02  0.103435E+00    2    1      955     0.008     0.200     0.002
    478  0.49241222E+02  0.103435E+00    2    1      957     0.008     0.200     0.002
    479  0.49344658E+02  0.103435E+00    2    1      959     0.008     0.200     0.002
    480  0.49448093E+02  0.103435E+00    2    1      961     0.008     0.200     0.002
    481  0.49551528E+02  0.103435E+00    2    1      963     0.008     0.200     0.002
    482  0.49654963E+02  0.103435E+00    2    1      965     0.008     0.200     0.002
    483  0.49758398E+02  0.103435E+00    2    1      967     0.008     0.200     0.002
    484  0.49861834E+02  0.103435E+00    2    1      969     0.008     0.200     0.002
    485  0.49930917E+02  0.690832E-01    2    1      971     0.008     0.134     0.001
    486  0.50000000E+02  0.690832E-01    2    1      973     0.008     0.134     0.001
    487  0.50103435E+02  0.103435E+00    2    1      975     0.008     0.200     0.002
    488  0.50206870E+02  0.103435E+00    2    1      977     0.008     0.200     0.002
    489  0.50310306E+02  0.103435E+00    2    1      979     0.008     0.200     0.002
    490  0.50413741E+02  0.103435E+00    2    1      981     0.008     0.200     0.002
    491  0.50517176E+02  0.103435E+00    2    1      983     0.008     0.200     0.002
    492  0.50620611E+02  0.103435E+00    2    1      985     0.008     0.200     0.002
    493  0.50724046E+02  0.103435E+00    2    1      987     0.008     0.200     0.002
    494  0.50827482E+02  0.103435E+00    2    1      989     0.008     0.200     0.002
    495  0.50930917E+02  0.103435E+00    2    1      991     0.008     0.200     0.002
    496  0.51034352E+02  0.103435E+00    2    1      993     0.008     0.200     0.002
    497  0.51137787E+02  0.103435E+00    2    1      995     0.008     0.200     0.002
    498  0.51241222E+02  0.103435E+00    2    1      997     0.008     0.200     0.002
    499  0.51344658E+02  0.103435E+00    2    1      999     0.008     0.200     0.002
    500  0.51448093E+02  0.103435E+00    2    1     1001     0.008     0.200     0.002
    501  0.51551528E+02  0.103435E+00    2    1     1003     0.008     0.200     0.002
    502  0.51654963E+02  0.103435E+00    2    1     1005     0.008     0.200     0.002
    503  0.51758398E+02  0.103435E+00    2    1     1007     0.008     0.200     0.002
    504  0.51861834E+02  0.103435E+00    2    1     1009     0.008     0.200     0.002
    505  0.51930917E+02  0.690832E-01    2    1     1011     0.008     0.134     0.001
    506  0.52000000E+02  0.690832E-01    2    1     1013     0.008     0.134     0.001
    507  0.52103435E+02  0.103435E+00    2    1     1015     0.008     0.200     0.002
    508  0.52206870E+02  0.103435E+00    2    1     1017     0.008     0.200     0.002
    509  0.52310306E+02  0.103435E+00    2    1     1019     0.008     0.200     0.002
    510  0.52413741E+02  0.103435E+00    2    1     1021     0.008     0.200     0.002
    511  0.52517176E+02  0.103435E+00    2    1     1023     0.008     0.200     0.002
    512  0.52620611E+02  0.103435E+00    2    1     1025     0.008     0.200     0.002
    513  0.52724046E+02  0.103435E+00    2    1     1027     0.008     0.200     0.002
    514  0.52827482E+02  0.103435E+00    2    1     1029     0.008     0.200     0.002
    515  0.52930917E+02  0.103435E+00    2    1     1031     0.008     0.200     0.002
    516  0.53034352E+02  0.103435E+00    2    1     1033     0.008     0.200     0.002
    517  0.53137787E+02  0.103435E+00    2    1     1035     0.008     0.200     0.002
    518  0.53241222E+02  0.103435E+00    2    1     1037     0.008     0.200     0.002
    519  0.53344658E+02  0.103435E+00    2    1     1039     0.008     0.200     0.002
    520  0.53448093E+02  0.103435E+00    2    1     1041     0.008     0.200     0.002
    521  0.53551528E+02  0.103435E+00    2    1     1043     0.008     0.200     0.002
    522  0.53654963E+02  0.103435E+00    2    1     1045     0.008     0.200     0.002
    523  0.53758398E+02  0.103435E+00    2    1     1047     0.008     0.200     0.002
    524  0.53861834E+02  0.103435E+00    2    1     1049     0.008     0.200     0.002
    525  0.53930917E+02  0.690832E-01    2    1     1051     0.008     0.134     0.001
    526  0.54000000E+02  0.690832E-01    2    1     1053     0.008     0.134     0.001
    527  0.54103435E+02  0.103435E+00    2    1     1055     0.008     0.200     0.002
    528  0.54206870E+02  0.103435E+00    2    1     1057     0.008     0.200     0.002
    529  0.54310306E+02  0.103435E+00    2    1     1059     0.008     0.200     0.002
    530  0.54413741E+02  0.103435E+00    2    1     1061     0.008     0.200     0.002
    531  0.54517176E+02  0.103435E+00    2    1     1063     0.008     0.200     0.002
    532  0.54620611E+02  0.103435E+00    2    1     1065     0.008     0.200     0.002
    533  0.54724046E+02  0.103435E+00    2    1     1067     0.008     0.200     0.002
    534  0.54827482E+02  0.103435E+00    2    1     1069     0.008     0.200     0.002
    535  0.54930917E+02  0.103435E+00    2    1     1071     0.008     0.200     0.002
    536  0.55034352E+02  0.103435E+00    2    1     1073     0.008     0.200     0.002
    537  0.55137787E+02  0.103435E+00    2    1     1075     0.008     0.200     0.002
    538  0.55241222E+02  0.103435E+00    2    1     1077     0.008     0.200     0.002
    539  0.55344658E+02  0.103435E+00    2    1     1079     0.008     0.200     0.002
    540  0.55448093E+02  0.103435E+00    2    1     1081     0.008     0.200     0.002
    541  0.55551528E+02  0.103435E+00    2    1     1083     0.008     0.200     0.002
    542  0.55654963E+02  0.103435E+00    2    1     1085     0.008     0.200     0.002
    543  0.55758398E+02  0.103435E+00    2    1     1087     0.008     0.200     0.002
    544  0.55861834E+02  0.103435E+00    2    1     1089     0.008     0.200     0.002
    545  0.55930917E+02  0.690832E-01    2    1     1091     0.008     0.134     0.001
    546  0.56000000E+02  0.690832E-01    2    1     1093     0.008     0.134     0.001
    547  0.56103435E+02  0.103435E+00    2    1     1095     0.008     0.200     0.002
    548  0.56206870E+02  0.103435E+00    2    1     1097     0.008     0.200     0.002
    549  0.56310306E+02  0.103435E+00    2    1     1099     0.008     0.200     0.002
    550  0.56413741E+02  0.103435E+00    2    1     1101     0.008     0.200     0.002
    551  0.56517176E+02  0.103435E+00    2    1     1103     0.008     0.200     0.002
    552  0.56620611E+02  0.103435E+00    2    1     1105     0.008     0.200     0.002
    553  0.56724046E+02  0.103435E+00    2    1     1107     0.008     0.200     0.002
    554  0.56827482E+02  0.103435E+00    2    1     1109     0.008     0.200     0.002
    555  0.56930917E+02  0.103435E+00    2    1     1111     0.008     0.200     0.002
    556  0.57034352E+02  0.103435E+00    2    1     1113     0.008     0.200     0.002
    557  0.57137787E+02  0.103435E+00    2    1     1115     0.008     0.200     0.002
    558  0.57241222E+02  0.103435E+00    2    1     1117     0.008     0.200     0.002
    559  0.57344658E+02  0.103435E+00    2    1     1119     0.008     0.200     0.002
    560  0.57448093E+02  0.103435E+00    2    1     1121     0.008     0.200     0.002
    561  0.57551528E+02  0.103435E+00    2    1     1123     0.008     0.200     0.002
    562  0.57654963E+02  0.103435E+00    2    1     1125     0.008     0.200     0.002
    563  0.57758398E+02  0.103435E+00    2    1     1127     0.008     0.200     0.002
    564  0.57861834E+02  0.103435E+00    2    1     1129     0.008     0.200     0.002
    565  0.57930917E+02  0.690832E-01    2    1     1131     0.008     0.134     0.001
    566  0.58000000E+02  0.690832E-01    2    1     1133     0.008     0.134     0.001
    567  0.58103435E+02  0.103435E+00    2    1     1135     0.008     0.200     0.002
    568  0.58206870E+02  0.103435E+00    2    1     1137     0.008     0.200     0.002
    569  0.58310306E+02  0.103435E+00    2    1     1139     0.008     0.200     0.002
    570  0.58413741E+02  0.103435E+00    2    1     1141     0.008     0.200     0.002
    571  0.58517176E+02  0.103435E+00    2    1     1143     0.008     0.200     0.002
    572  0.58620611E+02  0.103435E+00    2    1     1145     0.008     0.200     0.002
    573  0.58724046E+02  0.103435E+00    2    1     1147     0.008     0.200     0.002
    574  0.58827482E+02  0.103435E+00    2    1     1149     0.008     0.200     0.002
    575  0.58930917E+02  0.103435E+00    2    1     1151     0.008     0.200     0.002
    576  0.59034352E+02  0.103435E+00    2    1     1153     0.008     0.200     0.002
    577  0.59137787E+02  0.103435E+00    2    1     1155     0.008     0.200     0.002
    578  0.59241222E+02  0.103435E+00    2    1     1157     0.008     0.200     0.002
    579  0.59344658E+02  0.103435E+00    2    1     1159     0.008     0.200     0.002
    580  0.59448093E+02  0.103435E+00    2    1     1161     0.008     0.200     0.002
    581  0.59551528E+02  0.103435E+00    2    1     1163     0.008     0.200     0.002
    582  0.59654963E+02  0.103435E+00    2    1     1165     0.008     0.200     0.002
    583  0.59758398E+02  0.103435E+00    2    1     1167     0.008     0.200     0.002
    584  0.59861834E+02  0.103435E+00    2    1     1169     0.008     0.200     0.002
    585  0.59930917E+02  0.690832E-01    2    1     1171     0.008     0.134     0.001
    586  0.60000000E+02  0.690832E-01    2    1     1173     0.008     0.134     0.001
    587  0.60103435E+02  0.103435E+00    2    1     1175     0.008     0.200     0.002
    588  0.60206870E+02  0.103435E+00    2    1     1177     0.008     0.200     0.002
    589  0.60310306E+02  0.103435E+00    2    1     1179     0.008     0.200     0.002
    590  0.60413741E+02  0.103435E+00    2    1     1181     0.008     0.200     0.002
    591  0.60517176E+02  0.103435E+00    2    1     1183     0.008     0.200     0.002
    592  0.60620611E+02  0.103435E+00    2    1     1185     0.008     0.200     0.002
    593  0.60724046E+02  0.103435E+00    2    1     1187     0.008     0.200     0.002
    594  0.60827482E+02  0.103435E+00    2    1     1189     0.008     0.200     0.002
    595  0.60930917E+02  0.103435E+00    2    1     1191     0.008     0.200     0.002
    596  0.61034352E+02  0.103435E+00    2    1     1193     0.008     0.200     0.002
    597  0.61137787E+02  0.103435E+00    2    1     1195     0.008     0.200     0.002
    598  0.61241222E+02  0.103435E+00    2    1     1197     0.008     0.200     0.002
    599  0.61344658E+02  0.103435E+00    2    1     1199     0.008     0.200     0.002
    600  0.61448093E+02  0.103435E+00    2    1     1201     0.008     0.200     0.002
    601  0.61551528E+02  0.103435E+00    2    1     1203     0.008     0.200     0.002
    602  0.61654963E+02  0.103435E+00    2    1     1205     0.008     0.200     0.002
    603  0.61758398E+02  0.103435E+00    2    1     1207     0.008     0.200     0.002
    604  0.61861834E+02  0.103435E+00    2    1     1209     0.008     0.200     0.002
    605  0.61930917E+02  0.690832E-01    2    1     1211     0.008     0.134     0.001
    606  0.62000000E+02  0.690832E-01    2    1     1213     0.008     0.134     0.001
    607  0.62103435E+02  0.103435E+00    2    1     1215     0.008     0.200     0.002
    608  0.62206870E+02  0.103435E+00    2    1     1217     0.008     0.200     0.002
    609  0.62310306E+02  0.103435E+00    2    1     1219     0.008     0.200     0.002
    610  0.62413741E+02  0.103435E+00    2    1     1221     0.008     0.200     0.002
    611  0.62517176E+02  0.103435E+00    2    1     1223     0.008     0.200     0.002
    612  0.62620611E+02  0.103435E+00    2    1     1225     0.008     0.200     0.002
    613  0.62724046E+02  0.103435E+00    2    1     1227     0.008     0.200     0.002
    614  0.62827482E+02  0.103435E+00    2    1     1229     0.008     0.200     0.002
    615  0.62930917E+02  0.103435E+00    2    1     1231     0.008     0.200     0.002
    616  0.63034352E+02  0.103435E+00    2    1     1233     0.008     0.200     0.002
    617  0.63137787E+02  0.103435E+00    2    1     1235     0.008     0.200     0.002
    618  0.63241222E+02  0.103435E+00    2    1     1237     0.008     0.200     0.002
    619  0.63344658E+02  0.103435E+00    2    1     1239     0.008     0.200     0.002
    620  0.63448093E+02  0.103435E+00    2    1     1241     0.008     0.200     0.002
    621  0.63551528E+02  0.103435E+00    2    1     1243     0.008     0.200     0.002
    622  0.63654963E+02  0.103435E+00    2    1     1245     0.008     0.200     0.002
    623  0.63758398E+02  0.103435E+00    2    1     1247     0.008     0.200     0.002
    624  0.63861834E+02  0.103435E+00    2    1     1249     0.008     0.200     0.002
    625  0.63930917E+02  0.690832E-01    2    1     1251     0.008     0.134     0.001
    626  0.64000000E+02  0.690832E-01    2    1     1253     0.008     0.134     0.001
    627  0.64103435E+02  0.103435E+00    2    1     1255     0.008     0.200     0.002
    628  0.64206870E+02  0.103435E+00    2    1     1257     0.008     0.200     0.002
    629  0.64310306E+02  0.103435E+00    2    1     1259     0.008     0.200     0.002
    630  0.64413741E+02  0.103435E+00    2    1     1261     0.008     0.200     0.002
    631  0.64517176E+02  0.103435E+00    2    1     1263     0.008     0.200     0.002
    632  0.64620611E+02  0.103435E+00    2    1     1265     0.008     0.200     0.002
    633  0.64724046E+02  0.103435E+00    2    1     1267     0.008     0.200     0.002
    634  0.64827482E+02  0.103435E+00    2    1     1269     0.008     0.200     0.002
    635  0.64930917E+02  0.103435E+00    2    1     1271     0.008     0.200     0.002
    636  0.65034352E+02  0.103435E+00    2    1     1273     0.008     0.200     0.002
    637  0.65137787E+02  0.103435E+00    2    1     1275     0.008     0.200     0.002
    638  0.65241222E+02  0.103435E+00    2    1     1277     0.008     0.200     0.002
    639  0.65344658E+02  0.103435E+00    2    1     1279     0.008     0.200     0.002
    640  0.65448093E+02  0.103435E+00    2    1     1281     0.008     0.200     0.002
    641  0.65551528E+02  0.103435E+00    2    1     1283     0.008     0.200     0.002
    642  0.65654963E+02  0.103435E+00    2    1     1285     0.008     0.200     0.002
    643  0.65758398E+02  0.103435E+00    2    1     1287     0.008     0.200     0.002
    644  0.65861834E+02  0.103435E+00    2    1     1289     0.008     0.200     0.002
    645  0.65930917E+02  0.690832E-01    2    1     1291     0.008     0.134     0.001
    646  0.66000000E+02  0.690832E-01    2    1     1293     0.008     0.134     0.001
    647  0.66103435E+02  0.103435E+00    2    1     1295     0.008     0.200     0.002
    648  0.66206870E+02  0.103435E+00    2    1     1297     0.008     0.200     0.002
    649  0.66310306E+02  0.103435E+00    2    1     1299     0.008     0.200     0.002
    650  0.66413741E+02  0.103435E+00    2    1     1301     0.008     0.200     0.002
    651  0.66517176E+02  0.103435E+00    2    1     1303     0.008     0.200     0.002
    652  0.66620611E+02  0.103435E+00    2    1     1305     0.008     0.200     0.002
    653  0.66724046E+02  0.103435E+00    2    1     1307     0.008     0.200     0.002
    654  0.66827482E+02  0.103435E+00    2    1     1309     0.008     0.200     0.002
    655  0.66930917E+02  0.103435E+00    2    1     1311     0.008     0.200     0.002
    656  0.67034352E+02  0.103435E+00    2    1     1313     0.008     0.200     0.002
    657  0.67137787E+02  0.103435E+00    2    1     1315     0.008     0.200     0.002
    658  0.67241222E+02  0.103435E+00    2    1     1317     0.008     0.200     0.002
    659  0.67344658E+02  0.103435E+00    2    1     1319     0.008     0.200     0.002
    660  0.67448093E+02  0.103435E+00    2    1     1321     0.008     0.200     0.002
    661  0.67551528E+02  0.103435E+00    2    1     1323     0.008     0.200     0.002
    662  0.67654963E+02  0.103435E+00    2    1     1325     0.008     0.200     0.002
    663  0.67758398E+02  0.103435E+00    2    1     1327     0.008     0.200     0.002
    664  0.67861834E+02  0.103435E+00    2    1     1329     0.008     0.200     0.002
    665  0.67930917E+02  0.690832E-01    2    1     1331     0.008     0.134     0.001
    666  0.68000000E+02  0.690832E-01    2    1     1333     0.008     0.134     0.001
    667  0.68103435E+02  0.103435E+00    2    1     1335     0.008     0.200     0.002
    668  0.68206870E+02  0.103435E+00    2    1     1337     0.008     0.200     0.002
    669  0.68310306E+02  0.103435E+00    2    1     1339     0.008     0.200     0.002
    670  0.68413741E+02  0.103435E+00    2    1     1341     0.008     0.200     0.002
    671  0.68517176E+02  0.103435E+00    2    1     1343     0.008     0.200     0.002
    672  0.68620611E+02  0.103435E+00    2    1     1345     0.008     0.200     0.002
    673  0.68724046E+02  0.103435E+00    2    1     1347     0.008     0.200     0.002
    674  0.68827482E+02  0.103435E+00    2    1     1349     0.008     0.200     0.002
    675  0.68930917E+02  0.103435E+00    2    1     1351     0.008     0.200     0.002
    676  0.69034352E+02  0.103435E+00    2    1     1353     0.008     0.200     0.002
    677  0.69137787E+02  0.103435E+00    2    1     1355     0.008     0.200     0.002
    678  0.69241222E+02  0.103435E+00    2    1     1357     0.008     0.200     0.002
    679  0.69344658E+02  0.103435E+00    2    1     1359     0.008     0.200     0.002
    680  0.69448093E+02  0.103435E+00    2    1     1361     0.008     0.200     0.002
    681  0.69551528E+02  0.103435E+00    2    1     1363     0.008     0.200     0.002
    682  0.69654963E+02  0.103435E+00    2    1     1365     0.008     0.200     0.002
    683  0.69758398E+02  0.103435E+00    2    1     1367     0.008     0.200     0.002
    684  0.69861834E+02  0.103435E+00    2    1     1369     0.008     0.200     0.002
    685  0.69930917E+02  0.690832E-01    2    1     1371     0.008     0.134     0.001
    686  0.70000000E+02  0.690832E-01    2    1     1373     0.008     0.134     0.001
    687  0.70103435E+02  0.103435E+00    2    1     1375     0.008     0.200     0.002
    688  0.70206870E+02  0.103435E+00    2    1     1377     0.008     0.200     0.002
    689  0.70310306E+02  0.103435E+00    2    1     1379     0.008     0.200     0.002
    690  0.70413741E+02  0.103435E+00    2    1     1381     0.008     0.200     0.002
    691  0.70517176E+02  0.103435E+00    2    1     1383     0.008     0.200     0.002
    692  0.70620611E+02  0.103435E+00    2    1     1385     0.008     0.200     0.002
    693  0.70724046E+02  0.103435E+00    2    1     1387     0.008     0.200     0.002
    694  0.70827482E+02  0.103435E+00    2    1     1389     0.008     0.200     0.002
    695  0.70930917E+02  0.103435E+00    2    1     1391     0.008     0.200     0.002
    696  0.71034352E+02  0.103435E+00    2    1     1393     0.008     0.200     0.002
    697  0.71137787E+02  0.103435E+00    2    1     1395     0.008     0.200     0.002
    698  0.71241222E+02  0.103435E+00    2    1     1397     0.008     0.200     0.002
    699  0.71344658E+02  0.103435E+00    2    1     1399     0.008     0.200     0.002
    700  0.71448093E+02  0.103435E+00    2    1     1401     0.008     0.200     0.002
    701  0.71551528E+02  0.103435E+00    2    1     1403     0.008     0.200     0.002
    702  0.71654963E+02  0.103435E+00    2    1     1405     0.008     0.200     0.002
    703  0.71758398E+02  0.103435E+00    2    1     1407     0.008     0.200     0.002
    704  0.71861834E+02  0.103435E+00    2    1     1409     0.008     0.200     0.002
    705  0.71930917E+02  0.690832E-01    2    1     1411     0.008     0.134     0.001
    706  0.72000000E+02  0.690832E-01    2    1     1413     0.008     0.134     0.001
    707  0.72103435E+02  0.103435E+00    2    1     1415     0.008     0.200     0.002
    708  0.72206870E+02  0.103435E+00    2    1     1417     0.008     0.200     0.002
    709  0.72310306E+02  0.103435E+00    2    1     1419     0.008     0.200     0.002
    710  0.72413741E+02  0.103435E+00    2    1     1421     0.008     0.200     0.002
    711  0.72517176E+02  0.103435E+00    2    1     1423     0.008     0.200     0.002
    712  0.72620611E+02  0.103435E+00    2    1     1425     0.008     0.200     0.002
    713  0.72724046E+02  0.103435E+00    2    1     1427     0.008     0.200     0.002
    714  0.72827482E+02  0.103435E+00    2    1     1429     0.008     0.200     0.002
    715  0.72930917E+02  0.103435E+00    2    1     1431     0.008     0.200     0.002
    716  0.73034352E+02  0.103435E+00    2    1     1433     0.008     0.200     0.002
    717  0.73137787E+02  0.103435E+00    2    1     1435     0.008     0.200     0.002
    718  0.73241222E+02  0.103435E+00    2    1     1437     0.008     0.200     0.002
    719  0.73344658E+02  0.103435E+00    2    1     1439     0.008     0.200     0.002
    720  0.73448093E+02  0.103435E+00    2    1     1441     0.008     0.200     0.002
    721  0.73551528E+02  0.103435E+00    2    1     1443     0.008     0.200     0.002
    722  0.73654963E+02  0.103435E+00    2    1     1445     0.008     0.200     0.002
    723  0.73758398E+02  0.103435E+00    2    1     1447     0.008     0.200     0.002
    724  0.73861834E+02  0.103435E+00    2    1     1449     0.008     0.200     0.002
    725  0.73930917E+02  0.690832E-01    2    1     1451     0.008     0.134     0.001
    726  0.74000000E+02  0.690832E-01    2    1     1453     0.008     0.134     0.001
    727  0.74103435E+02  0.103435E+00    2    1     1455     0.008     0.200     0.002
    728  0.74206870E+02  0.103435E+00    2    1     1457     0.008     0.200     0.002
    729  0.74310306E+02  0.103435E+00    2    1     1459     0.008     0.200     0.002
    730  0.74413741E+02  0.103435E+00    2    1     1461     0.008     0.200     0.002
    731  0.74517176E+02  0.103435E+00    2    1     1463     0.008     0.200     0.002
    732  0.74620611E+02  0.103435E+00    2    1     1465     0.008     0.200     0.002
    733  0.74724046E+02  0.103435E+00    2    1     1467     0.008     0.200     0.002
    734  0.74827482E+02  0.103435E+00    2    1     1469     0.008     0.200     0.002
    735  0.74930917E+02  0.103435E+00    2    1     1471     0.008     0.200     0.002
    736  0.75034352E+02  0.103435E+00    2    1     1473     0.008     0.200     0.002
    737  0.75137787E+02  0.103435E+00    2    1     1475     0.008     0.200     0.002
    738  0.75241222E+02  0.103435E+00    2    1     1477     0.008     0.200     0.002
    739  0.75344658E+02  0.103435E+00    2    1     1479     0.008     0.200     0.002
    740  0.75448093E+02  0.103435E+00    2    1     1481     0.008     0.200     0.002
    741  0.75551528E+02  0.103435E+00    2    1     1483     0.008     0.200     0.002
    742  0.75654963E+02  0.103435E+00    2    1     1485     0.008     0.200     0.002
    743  0.75758398E+02  0.103435E+00    2    1     1487     0.008     0.200     0.002
    744  0.75861834E+02  0.103435E+00    2    1     1489     0.008     0.200     0.002
    745  0.75930917E+02  0.690832E-01    2    1     1491     0.008     0.134     0.001
    746  0.76000000E+02  0.690832E-01    2    1     1493     0.008     0.134     0.001
    747  0.76103435E+02  0.103435E+00    2    1     1495     0.008     0.200     0.002
    748  0.76206870E+02  0.103435E+00    2    1     1497     0.008     0.200     0.002
    749  0.76310306E+02  0.103435E+00    2    1     1499     0.008     0.200     0.002
    750  0.76413741E+02  0.103435E+00    2    1     1501     0.008     0.200     0.002
    751  0.76517176E+02  0.103435E+00    2    1     1503     0.008     0.200     0.002
    752  0.76620611E+02  0.103435E+00    2    1     1505     0.008     0.200     0.002
    753  0.76724046E+02  0.103435E+00    2    1     1507     0.008     0.200     0.002
    754  0.76827482E+02  0.103435E+00    2    1     1509     0.008     0.200     0.002
    755  0.76930917E+02  0.103435E+00    2    1     1511     0.008     0.200     0.002
    756  0.77034352E+02  0.103435E+00    2    1     1513     0.008     0.200     0.002
    757  0.77137787E+02  0.103435E+00    2    1     1515     0.008     0.200     0.002
    758  0.77241222E+02  0.103435E+00    2    1     1517     0.008     0.200     0.002
    759  0.77344658E+02  0.103435E+00    2    1     1519     0.008     0.200     0.002
    760  0.77448093E+02  0.103435E+00    2    1     1521     0.008     0.200     0.002
    761  0.77551528E+02  0.103435E+00    2    1     1523     0.008     0.200     0.002
    762  0.77654963E+02  0.103435E+00    2    1     1525     0.008     0.200     0.002
    763  0.77758398E+02  0.103435E+00    2    1     1527     0.008     0.200     0.002
    764  0.77861834E+02  0.103435E+00    2    1     1529     0.008     0.200     0.002
    765  0.77930917E+02  0.690832E-01    2    1     1531     0.008     0.134     0.001
    766  0.78000000E+02  0.690832E-01    2    1     1533     0.008     0.134     0.001
    767  0.78103435E+02  0.103435E+00    2    1     1535     0.008     0.200     0.002
    768  0.78206870E+02  0.103435E+00    2    1     1537     0.008     0.200     0.002
    769  0.78310306E+02  0.103435E+00    2    1     1539     0.008     0.200     0.002
    770  0.78413741E+02  0.103435E+00    2    1     1541     0.008     0.200     0.002
    771  0.78517176E+02  0.103435E+00    2    1     1543     0.008     0.200     0.002
    772  0.78620611E+02  0.103435E+00    2    1     1545     0.008     0.200     0.002
    773  0.78724046E+02  0.103435E+00    2    1     1547     0.008     0.200     0.002
    774  0.78827482E+02  0.103435E+00    2    1     1549     0.008     0.200     0.002
    775  0.78930917E+02  0.103435E+00    2    1     1551     0.008     0.200     0.002
    776  0.79034352E+02  0.103435E+00    2    1     1553     0.008     0.200     0.002
    777  0.79137787E+02  0.103435E+00    2    1     1555     0.008     0.200     0.002
    778  0.79241222E+02  0.103435E+00    2    1     1557     0.008     0.200     0.002
    779  0.79344658E+02  0.103435E+00    2    1     1559     0.008     0.200     0.002
    780  0.79448093E+02  0.103435E+00    2    1     1561     0.008     0.200     0.002
    781  0.79551528E+02  0.103435E+00    2    1     1563     0.008     0.200     0.002
    782  0.79654963E+02  0.103435E+00    2    1     1565     0.008     0.200     0.002
    783  0.79758398E+02  0.103435E+00    2    1     1567     0.008     0.200     0.002
    784  0.79861834E+02  0.103435E+00    2    1     1569     0.008     0.200     0.002
    785  0.79930917E+02  0.690832E-01    2    1     1571     0.008     0.134     0.001
    786  0.80000000E+02  0.690832E-01    2    1     1573     0.008     0.134     0.001
    787  0.80103435E+02  0.103435E+00    2    1     1575     0.008     0.200     0.002
    788  0.80206870E+02  0.103435E+00    2    1     1577     0.008     0.200     0.002
    789  0.80310306E+02  0.103435E+00    2    1     1579     0.008     0.200     0.002
    790  0.80413741E+02  0.103435E+00    2    1     1581     0.008     0.200     0.002
    791  0.80517176E+02  0.103435E+00    2    1     1583     0.008     0.200     0.002
    792  0.80620611E+02  0.103435E+00    2    1     1585     0.008     0.200     0.002
    793  0.80724046E+02  0.103435E+00    2    1     1587     0.008     0.200     0.002
    794  0.80827482E+02  0.103435E+00    2    1     1589     0.008     0.200     0.002
    795  0.80930917E+02  0.103435E+00    2    1     1591     0.008     0.200     0.002
    796  0.81034352E+02  0.103435E+00    2    1     1593     0.008     0.200     0.002
    797  0.81137787E+02  0.103435E+00    2    1     1595     0.008     0.200     0.002
    798  0.81241222E+02  0.103435E+00    2    1     1597     0.008     0.200     0.002
    799  0.81344658E+02  0.103435E+00    2    1     1599     0.008     0.200     0.002
    800  0.81448093E+02  0.103435E+00    2    1     1601     0.008     0.200     0.002
    801  0.81551528E+02  0.103435E+00    2    1     1603     0.008     0.200     0.002
    802  0.81654963E+02  0.103435E+00    2    1     1605     0.008     0.200     0.002
    803  0.81758398E+02  0.103435E+00    2    1     1607     0.008     0.200     0.002
    804  0.81861834E+02  0.103435E+00    2    1     1609     0.008     0.200     0.002
    805  0.81930917E+02  0.690832E-01    2    1     1611     0.008     0.134     0.001
    806  0.82000000E+02  0.690832E-01    2    1     1613     0.008     0.134     0.001
    807  0.82103435E+02  0.103435E+00    2    1     1615     0.008     0.200     0.002
    808  0.82206870E+02  0.103435E+00    2    1     1617     0.008     0.200     0.002
    809  0.82310306E+02  0.103435E+00    2    1     1619     0.008     0.200     0.002
    810  0.82413741E+02  0.103435E+00    2    1     1621     0.008     0.200     0.002
    811  0.82517176E+02  0.103435E+00    2    1     1623     0.008     0.200     0.002
    812  0.82620611E+02  0.103435E+00    2    1     1625     0.008     0.200     0.002
    813  0.82724046E+02  0.103435E+00    2    1     1627     0.008     0.200     0.002
    814  0.82827482E+02  0.103435E+00    2    1     1629     0.008     0.200     0.002
    815  0.82930917E+02  0.103435E+00    2    1     1631     0.008     0.200     0.002
    816  0.83034352E+02  0.103435E+00    2    1     1633     0.008     0.200     0.002
    817  0.83137787E+02  0.103435E+00    2    1     1635     0.008     0.200     0.002
    818  0.83241222E+02  0.103435E+00    2    1     1637     0.008     0.200     0.002
    819  0.83344658E+02  0.103435E+00    2    1     1639     0.008     0.200     0.002
    820  0.83448093E+02  0.103435E+00    2    1     1641     0.008     0.200     0.002
    821  0.83551528E+02  0.103435E+00    2    1     1643     0.008     0.200     0.002
    822  0.83654963E+02  0.103435E+00    2    1     1645     0.008     0.200     0.002
    823  0.83758398E+02  0.103435E+00    2    1     1647     0.008     0.200     0.002
    824  0.83861834E+02  0.103435E+00    2    1     1649     0.008     0.200     0.002
    825  0.83930917E+02  0.690832E-01    2    1     1651     0.008     0.134     0.001
    826  0.84000000E+02  0.690832E-01    2    1     1653     0.008     0.134     0.001
    827  0.84103435E+02  0.103435E+00    2    1     1655     0.008     0.200     0.002
    828  0.84206870E+02  0.103435E+00    2    1     1657     0.008     0.200     0.002
    829  0.84310306E+02  0.103435E+00    2    1     1659     0.008     0.200     0.002
    830  0.84413741E+02  0.103435E+00    2    1     1661     0.008     0.200     0.002
    831  0.84517176E+02  0.103435E+00    2    1     1663     0.008     0.200     0.002
    832  0.84620611E+02  0.103435E+00    2    1     1665     0.008     0.200     0.002
    833  0.84724046E+02  0.103435E+00    2    1     1667     0.008     0.200     0.002
    834  0.84827482E+02  0.103435E+00    2    1     1669     0.008     0.200     0.002
    835  0.84930917E+02  0.103435E+00    2    1     1671     0.008     0.200     0.002
    836  0.85034352E+02  0.103435E+00    2    1     1673     0.008     0.200     0.002
    837  0.85137787E+02  0.103435E+00    2    1     1675     0.008     0.200     0.002
    838  0.85241222E+02  0.103435E+00    2    1     1677     0.008     0.200     0.002
    839  0.85344658E+02  0.103435E+00    2    1     1679     0.008     0.200     0.002
    840  0.85448093E+02  0.103435E+00    2    1     1681     0.008     0.200     0.002
    841  0.85551528E+02  0.103435E+00    2    1     1683     0.008     0.200     0.002
    842  0.85654963E+02  0.103435E+00    2    1     1685     0.008     0.200     0.002
    843  0.85758398E+02  0.103435E+00    2    1     1687     0.008     0.200     0.002
    844  0.85861834E+02  0.103435E+00    2    1     1689     0.008     0.200     0.002
    845  0.85930917E+02  0.690832E-01    2    1     1691     0.008     0.134     0.001
    846  0.86000000E+02  0.690832E-01    2    1     1693     0.008     0.134     0.001
    847  0.86103435E+02  0.103435E+00    2    1     1695     0.008     0.200     0.002
    848  0.86206870E+02  0.103435E+00    2    1     1697     0.008     0.200     0.002
    849  0.86310306E+02  0.103435E+00    2    1     1699     0.008     0.200     0.002
    850  0.86413741E+02  0.103435E+00    2    1     1701     0.008     0.200     0.002
    851  0.86517176E+02  0.103435E+00    2    1     1703     0.008     0.200     0.002
    852  0.86620611E+02  0.103435E+00    2    1     1705     0.008     0.200     0.002
    853  0.86724046E+02  0.103435E+00    2    1     1707     0.008     0.200     0.002
    854  0.86827482E+02  0.103435E+00    2    1     1709     0.008     0.200     0.002
    855  0.86930917E+02  0.103435E+00    2    1     1711     0.008     0.200     0.002
    856  0.87034352E+02  0.103435E+00    2    1     1713     0.008     0.200     0.002
    857  0.87137787E+02  0.103435E+00    2    1     1715     0.008     0.200     0.002
    858  0.87241222E+02  0.103435E+00    2    1     1717     0.008     0.200     0.002
    859  0.87344658E+02  0.103435E+00    2    1     1719     0.008     0.200     0.002
    860  0.87448093E+02  0.103435E+00    2    1     1721     0.008     0.200     0.002
    861  0.87551528E+02  0.103435E+00    2    1     1723     0.008     0.200     0.002
    862  0.87654963E+02  0.103435E+00    2    1     1725     0.008     0.200     0.002
    863  0.87758398E+02  0.103435E+00    2    1     1727     0.008     0.200     0.002
    864  0.87861834E+02  0.103435E+00    2    1     1729     0.008     0.200     0.002
    865  0.87930917E+02  0.690832E-01    2    1     1731     0.008     0.134     0.001
    866  0.88000000E+02  0.690832E-01    2    1     1733     0.008     0.134     0.001
    867  0.88103435E+02  0.103435E+00    2    1     1735     0.008     0.200     0.002
    868  0.88206870E+02  0.103435E+00    2    1     1737     0.008     0.200     0.002
    869  0.88310306E+02  0.103435E+00    2    1     1739     0.008     0.200     0.002
    870  0.88413741E+02  0.103435E+00    2    1     1741     0.008     0.200     0.002
    871  0.88517176E+02  0.103435E+00    2    1     1743     0.008     0.200     0.002
    872  0.88620611E+02  0.103435E+00    2    1     1745     0.008     0.200     0.002
    873  0.88724046E+02  0.103435E+00    2    1     1747     0.008     0.200     0.002
    874  0.88827482E+02  0.103435E+00    2    1     1749     0.008     0.200     0.002
    875  0.88930917E+02  0.103435E+00    2    1     1751     0.008     0.200     0.002
    876  0.89034352E+02  0.103435E+00    2    1     1753     0.008     0.200     0.002
    877  0.89137787E+02  0.103435E+00    2    1     1755     0.008     0.200     0.002
    878  0.89241222E+02  0.103435E+00    2    1     1757     0.008     0.200     0.002
    879  0.89344658E+02  0.103435E+00    2    1     1759     0.008     0.200     0.002
    880  0.89448093E+02  0.103435E+00    2    1     1761     0.008     0.200     0.002
    881  0.89551528E+02  0.103435E+00    2    1     1763     0.008     0.200     0.002
    882  0.89654963E+02  0.103435E+00    2    1     1765     0.008     0.200     0.002
    883  0.89758398E+02  0.103435E+00    2    1     1767     0.008     0.200     0.002
    884  0.89861834E+02  0.103435E+00    2    1     1769     0.008     0.200     0.002
    885  0.89930917E+02  0.690832E-01    2    1     1771     0.008     0.134     0.001
    886  0.90000000E+02  0.690832E-01    2    1     1773     0.008     0.134     0.001
    887  0.90103435E+02  0.103435E+00    2    1     1775     0.008     0.200     0.002
    888  0.90206870E+02  0.103435E+00    2    1     1777     0.008     0.200     0.002
    889  0.90310306E+02  0.103435E+00    2    1     1779     0.008     0.200     0.002
    890  0.90413741E+02  0.103435E+00    2    1     1781     0.008     0.200     0.002
    891  0.90517176E+02  0.103435E+00    2    1     1783     0.008     0.200     0.002
    892  0.90620611E+02  0.103435E+00    2    1     1785     0.008     0.200     0.002
    893  0.90724046E+02  0.103435E+00    2    1     1787     0.008     0.200     0.002
    894  0.90827482E+02  0.103435E+00    2    1     1789     0.008     0.200     0.002
    895  0.90930917E+02  0.103435E+00    2    1     1791     0.008     0.200     0.002
    896  0.91034352E+02  0.103435E+00    2    1     1793     0.008     0.200     0.002
    897  0.91137787E+02  0.103435E+00    2    1     1795     0.008     0.200     0.002
    898  0.91241222E+02  0.103435E+00    2    1     1797     0.008     0.200     0.002
    899  0.91344658E+02  0.103435E+00    2    1     1799     0.008     0.200     0.002
    900  0.91448093E+02  0.103435E+00    2    1     1801     0.008     0.200     0.002
    901  0.91551528E+02  0.103435E+00    2    1     1803     0.008     0.200     0.002
    902  0.91654963E+02  0.103435E+00    2    1     1805     0.008     0.200     0.002
    903  0.91758398E+02  0.103435E+00    2    1     1807     0.008     0.200     0.002
    904  0.91861834E+02  0.103435E+00    2    1     1809     0.008     0.200     0.002
    905  0.91930917E+02  0.690832E-01    2    1     1811     0.008     0.134     0.001
    906  0.92000000E+02  0.690832E-01    2    1     1813     0.008     0.134     0.001
    907  0.92103435E+02  0.103435E+00    2    1     1815     0.008     0.200     0.002
    908  0.92206870E+02  0.103435E+00    2    1     1817     0.008     0.200     0.002
    909  0.92310306E+02  0.103435E+00    2    1     1819     0.008     0.200     0.002
    910  0.92413741E+02  0.103435E+00    2    1     1821     0.008     0.200     0.002
    911  0.92517176E+02  0.103435E+00    2    1     1823     0.008     0.200     0.002
    912  0.92620611E+02  0.103435E+00    2    1     1825     0.008     0.200     0.002
    913  0.92724046E+02  0.103435E+00    2    1     1827     0.008     0.200     0.002
    914  0.92827482E+02  0.103435E+00    2    1     1829     0.008     0.200     0.002
    915  0.92930917E+02  0.103435E+00    2    1     1831     0.008     0.200     0.002
    916  0.93034352E+02  0.103435E+00    2    1     1833     0.008     0.200     0.002
    917  0.93137787E+02  0.103435E+00    2    1     1835     0.008     0.200     0.002
    918  0.93241222E+02  0.103435E+00    2    1     1837     0.008     0.200     0.002
    919  0.93344658E+02  0.103435E+00    2    1     1839     0.008     0.200     0.002
    920  0.93448093E+02  0.103435E+00    2    1     1841     0.008     0.200     0.002
    921  0.93551528E+02  0.103435E+00    2    1     1843     0.008     0.200     0.002
    922  0.93654963E+02  0.103435E+00    2    1     1845     0.008     0.200     0.002
    923  0.93758398E+02  0.103435E+00    2    1     1847     0.008     0.200     0.002
    924  0.93861834E+02  0.103435E+00    2    1     1849     0.008     0.200     0.002
    925  0.93930917E+02  0.690832E-01    2    1     1851     0.008     0.134     0.001
    926  0.94000000E+02  0.690832E-01    2    1     1853     0.008     0.134     0.001
    927  0.94103435E+02  0.103435E+00    2    1     1855     0.008     0.200     0.002
    928  0.94206870E+02  0.103435E+00    2    1     1857     0.008     0.200     0.002
    929  0.94310306E+02  0.103435E+00    2    1     1859     0.008     0.200     0.002
    930  0.94413741E+02  0.103435E+00    2    1     1861     0.008     0.200     0.002
    931  0.94517176E+02  0.103435E+00    2    1     1863     0.008     0.200     0.002
    932  0.94620611E+02  0.103435E+00    2    1     1865     0.008     0.200     0.002
    933  0.94724046E+02  0.103435E+00    2    1     1867     0.008     0.200     0.002
    934  0.94827482E+02  0.103435E+00    2    1     1869     0.008     0.200     0.002
    935  0.94930917E+02  0.103435E+00    2    1     1871     0.008     0.200     0.002
    936  0.95034352E+02  0.103435E+00    2    1     1873     0.008     0.200     0.002
    937  0.95137787E+02  0.103435E+00    2    1     1875     0.008     0.200     0.002
    938  0.95241222E+02  0.103435E+00    2    1     1877     0.008     0.200     0.002
    939  0.95344658E+02  0.103435E+00    2    1     1879     0.008     0.200     0.002
    940  0.95448093E+02  0.103435E+00    2    1     1881     0.008     0.200     0.002
    941  0.95551528E+02  0.103435E+00    2    1     1883     0.008     0.200     0.002
    942  0.95654963E+02  0.103435E+00    2    1     1885     0.008     0.200     0.002
    943  0.95758398E+02  0.103435E+00    2    1     1887     0.008     0.200     0.002
    944  0.95861834E+02  0.103435E+00    2    1     1889     0.008     0.200     0.002
    945  0.95930917E+02  0.690832E-01    2    1     1891     0.008     0.134     0.001
    946  0.96000000E+02  0.690832E-01    2    1     1893     0.008     0.134     0.001
    947  0.96103435E+02  0.103435E+00    2    1     1895     0.008     0.200     0.002
    948  0.96206870E+02  0.103435E+00    2    1     1897     0.008     0.200     0.002
    949  0.96310306E+02  0.103435E+00    2    1     1899     0.008     0.200     0.002
    950  0.96413741E+02  0.103435E+00    2    1     1901     0.008     0.200     0.002
    951  0.96517176E+02  0.103435E+00    2    1     1903     0.008     0.200     0.002
    952  0.96620611E+02  0.103435E+00    2    1     1905     0.008     0.200     0.002
    953  0.96724046E+02  0.103435E+00    2    1     1907     0.008     0.200     0.002
    954  0.96827482E+02  0.103435E+00    2    1     1909     0.008     0.200     0.002
    955  0.96930917E+02  0.103435E+00    2    1     1911     0.008     0.200     0.002
    956  0.97034352E+02  0.103435E+00    2    1     1913     0.008     0.200     0.002
    957  0.97137787E+02  0.103435E+00    2    1     1915     0.008     0.200     0.002
    958  0.97241222E+02  0.103435E+00    2    1     1917     0.008     0.200     0.002
    959  0.97344658E+02  0.103435E+00    2    1     1919     0.008     0.200     0.002
    960  0.97448093E+02  0.103435E+00    2    1     1921     0.008     0.200     0.002
    961  0.97551528E+02  0.103435E+00    2    1     1923     0.008     0.200     0.002
    962  0.97654963E+02  0.103435E+00    2    1     1925     0.008     0.200     0.002
    963  0.97758398E+02  0.103435E+00    2    1     1927     0.008     0.200     0.002
    964  0.97861834E+02  0.103435E+00    2    1     1929     0.008     0.200     0.002
    965  0.97930917E+02  0.690832E-01    2    1     1931     0.008     0.134     0.001
    966  0.98000000E+02  0.690832E-01    2    1     1933     0.008     0.134     0.001
    967  0.98103435E+02  0.103435E+00    2    1     1935     0.008     0.200     0.002
    968  0.98206870E+02  0.103435E+00    2    1     1937     0.008     0.200     0.002
    969  0.98310306E+02  0.103435E+00    2    1     1939     0.008     0.200     0.002
    970  0.98413741E+02  0.103435E+00    2    1     1941     0.008     0.200     0.002
    971  0.98517176E+02  0.103435E+00    2    1     1943     0.008     0.200     0.002
    972  0.98620611E+02  0.103435E+00    2    1     1945     0.008     0.200     0.002
    973  0.98724046E+02  0.103435E+00    2    1     1947     0.008     0.200     0.002
    974  0.98827482E+02  0.103435E+00    2    1     1949     0.008     0.200     0.002
    975  0.98930917E+02  0.103435E+00    2    1     1951     0.008     0.200     0.002
    976  0.99034352E+02  0.103435E+00    2    1     1953     0.008     0.200     0.002
    977  0.99137787E+02  0.103435E+00    2    1     1955     0.008     0.200     0.002
    978  0.99241222E+02  0.103435E+00    2    1     1957     0.008     0.200     0.002
    979  0.99344658E+02  0.103435E+00    2    1     1959     0.008     0.200     0.002
    980  0.99448093E+02  0.103435E+00    2    1     1961     0.008     0.200     0.002
    981  0.99551528E+02  0.103435E+00    2    1     1963     0.008     0.200     0.002
    982  0.99654963E+02  0.103435E+00    2    1     1965     0.008     0.200     0.002
    983  0.99758398E+02  0.103435E+00    2    1     1967     0.008     0.200     0.002
    984  0.99861834E+02  0.103435E+00    2    1     1969     0.008     0.200     0.002
    985  0.99930917E+02  0.690832E-01    2    1     1971     0.008     0.134     0.001
    986  0.10000000E+03  0.690832E-01    2    1     1973     0.008     0.134     0.001
end
